<?xml version="1.0"?><coverage lines-covered="537" lines-valid="870" line-rate="0.6172413793103448" branches-covered="0" branches-valid="0" branch-rate="0" complexity="0" version="1.9" timestamp="1749080437"><sources><source>/home/noah/src/depyler</source></sources><packages><package name="crates/depyler/src" line-rate="0" branch-rate="0" complexity="0"><classes></classes></package><package name="crates/depyler-core/src" line-rate="0.6172413793103448" branch-rate="0" complexity="0"><classes><class name="ast_bridge" filename="crates/depyler-core/src/ast_bridge.rs" line-rate="0.7592592592592593" branch-rate="0" complexity="0"><methods/><lines><line number="5" hits="11"/><line number="6" hits="11"/><line number="7" hits="11"/><line number="8" hits="0"/><line number="12" hits="11"/><line number="16" hits="13"/><line number="17" hits="2"/><line number="18" hits="1"/><line number="19" hits="3"/><line number="22" hits="1"/><line number="24" hits="1"/><line number="25" hits="2"/><line number="33" hits="1"/><line number="36" hits="1"/><line number="37" hits="2"/><line number="38" hits="7"/><line number="39" hits="2"/><line number="40" hits="3"/><line number="42" hits="1"/><line number="44" hits="8"/><line number="45" hits="8"/><line number="46" hits="1"/><line number="47" hits="4"/><line number="48" hits="1"/><line number="53" hits="2"/><line number="56" hits="3"/><line number="57" hits="1"/><line number="58" hits="2"/><line number="59" hits="3"/><line number="63" hits="6"/><line number="66" hits="3"/><line number="70" hits="2"/><line number="71" hits="1"/><line number="73" hits="1"/><line number="77" hits="2"/><line number="78" hits="8"/><line number="80" hits="2"/><line number="81" hits="2"/><line number="82" hits="1"/><line number="83" hits="4"/><line number="84" hits="1"/><line number="85" hits="1"/><line number="88" hits="2"/><line number="90" hits="1"/><line number="91" hits="3"/><line number="92" hits="2"/><line number="94" hits="1"/><line number="95" hits="0"/><line number="96" hits="0"/><line number="97" hits="0"/><line number="98" hits="0"/><line number="99" hits="0"/><line number="101" hits="0"/><line number="104" hits="0"/><line number="107" hits="1"/><line number="108" hits="3"/><line number="109" hits="1"/><line number="111" hits="0"/><line number="114" hits="0"/><line number="117" hits="0"/><line number="121" hits="1"/><line number="122" hits="4"/><line number="125" hits="1"/><line number="126" hits="1"/><line number="127" hits="1"/><line number="128" hits="1"/><line number="129" hits="0"/><line number="131" hits="4"/><line number="132" hits="5"/><line number="133" hits="2"/><line number="135" hits="0"/><line number="136" hits="0"/><line number="137" hits="0"/><line number="138" hits="0"/><line number="140" hits="0"/><line number="142" hits="0"/><line number="144" hits="1"/><line number="145" hits="1"/><line number="146" hits="3"/><line number="150" hits="1"/><line number="152" hits="1"/><line number="153" hits="3"/><line number="154" hits="4"/><line number="155" hits="4"/><line number="158" hits="3"/><line number="160" hits="2"/><line number="166" hits="0"/><line number="167" hits="0"/><line number="168" hits="0"/><line number="169" hits="0"/><line number="171" hits="1"/><line number="172" hits="3"/><line number="173" hits="3"/><line number="174" hits="3"/><line number="175" hits="1"/><line number="177" hits="1"/><line number="178" hits="3"/><line number="179" hits="1"/><line number="181" hits="0"/><line number="186" hits="3"/><line number="187" hits="3"/><line number="188" hits="0"/><line number="192" hits="1"/><line number="193" hits="2"/><line number="194" hits="1"/><line number="195" hits="1"/><line number="198" hits="1"/><line number="201" hits="0"/><line number="202" hits="2"/><line number="203" hits="0"/><line number="205" hits="0"/><line number="207" hits="2"/><line number="209" hits="3"/><line number="210" hits="1"/><line number="211" hits="1"/><line number="212" hits="4"/><line number="213" hits="3"/><line number="214" hits="4"/><line number="216" hits="2"/><line number="218" hits="3"/><line number="219" hits="1"/><line number="221" hits="1"/><line number="222" hits="1"/><line number="223" hits="1"/><line number="225" hits="0"/><line number="227" hits="2"/><line number="232" hits="1"/><line number="234" hits="1"/><line number="235" hits="4"/><line number="236" hits="3"/><line number="237" hits="1"/><line number="239" hits="1"/><line number="240" hits="3"/><line number="245" hits="2"/><line number="247" hits="0"/><line number="249" hits="0"/><line number="250" hits="0"/><line number="251" hits="0"/><line number="252" hits="0"/><line number="253" hits="0"/><line number="255" hits="0"/><line number="258" hits="0"/><line number="260" hits="1"/><line number="261" hits="3"/><line number="266" hits="1"/><line number="268" hits="1"/><line number="270" hits="1"/><line number="271" hits="0"/><line number="273" hits="3"/><line number="274" hits="4"/><line number="275" hits="7"/><line number="276" hits="1"/><line number="278" hits="0"/><line number="283" hits="1"/><line number="296" hits="0"/><line number="301" hits="1"/><line number="310" hits="1"/><line number="319" hits="0"/><line number="324" hits="1"/><line number="327" hits="1"/><line number="328" hits="1"/><line number="329" hits="2"/><line number="330" hits="0"/><line number="331" hits="0"/><line number="332" hits="0"/><line number="335" hits="1"/><line number="337" hits="1"/><line number="342" hits="1"/><line number="343" hits="3"/><line number="345" hits="2"/><line number="348" hits="1"/><line number="349" hits="1"/><line number="350" hits="1"/><line number="351" hits="0"/><line number="352" hits="0"/><line number="353" hits="0"/><line number="356" hits="1"/><line number="361" hits="1"/><line number="364" hits="1"/><line number="375" hits="7"/><line number="376" hits="1"/><line number="383" hits="1"/><line number="384" hits="2"/><line number="387" hits="5"/><line number="397" hits="0"/><line number="408" hits="7"/><line number="409" hits="2"/><line number="414" hits="1"/><line number="422" hits="1"/><line number="423" hits="1"/><line number="426" hits="0"/><line number="434" hits="8"/><line number="435" hits="6"/><line number="442" hits="1"/><line number="443" hits="7"/><line number="446" hits="1"/><line number="451" hits="1"/><line number="455" hits="0"/><line number="457" hits="0"/><line number="458" hits="0"/><line number="460" hits="1"/><line number="461" hits="1"/><line number="467" hits="7"/><line number="468" hits="2"/><line number="475" hits="1"/><line number="487" hits="0"/><line number="488" hits="1"/><line number="489" hits="1"/><line number="495" hits="2"/><line number="496" hits="2"/><line number="498" hits="1"/><line number="499" hits="2"/><line number="500" hits="2"/><line number="503" hits="1"/><line number="505" hits="7"/><line number="507" hits="1"/></lines></class><class name="codegen" filename="crates/depyler-core/src/codegen.rs" line-rate="0.4873417721518987" branch-rate="0" complexity="0"><methods/><lines><line number="14" hits="1"/><line number="19" hits="0"/><line number="23" hits="2"/><line number="24" hits="2"/><line number="28" hits="3"/><line number="32" hits="1"/><line number="35" hits="0"/><line number="36" hits="5"/><line number="37" hits="2"/><line number="38" hits="2"/><line number="43" hits="4"/><line number="44" hits="2"/><line number="46" hits="0"/><line number="48" hits="0"/><line number="53" hits="0"/><line number="57" hits="1"/><line number="58" hits="2"/><line number="66" hits="0"/><line number="70" hits="0"/><line number="73" hits="0"/><line number="76" hits="0"/><line number="83" hits="2"/><line number="84" hits="1"/><line number="86" hits="1"/><line number="87" hits="0"/><line number="89" hits="1"/><line number="95" hits="1"/><line number="96" hits="1"/><line number="102" hits="2"/><line number="103" hits="1"/><line number="104" hits="1"/><line number="105" hits="1"/><line number="110" hits="1"/><line number="113" hits="2"/><line number="119" hits="6"/><line number="126" hits="1"/><line number="127" hits="1"/><line number="128" hits="1"/><line number="129" hits="0"/><line number="130" hits="1"/><line number="131" hits="0"/><line number="132" hits="0"/><line number="134" hits="1"/><line number="135" hits="1"/><line number="138" hits="0"/><line number="139" hits="0"/><line number="140" hits="0"/><line number="144" hits="0"/><line number="147" hits="1"/><line number="148" hits="1"/><line number="152" hits="0"/><line number="153" hits="0"/><line number="156" hits="0"/><line number="157" hits="0"/><line number="159" hits="0"/><line number="163" hits="2"/><line number="164" hits="2"/><line number="165" hits="1"/><line number="166" hits="1"/><line number="167" hits="3"/><line number="168" hits="1"/><line number="171" hits="3"/><line number="172" hits="3"/><line number="173" hits="1"/><line number="175" hits="0"/><line number="178" hits="1"/><line number="183" hits="3"/><line number="184" hits="2"/><line number="189" hits="1"/><line number="190" hits="2"/><line number="194" hits="5"/><line number="202" hits="0"/><line number="209" hits="0"/><line number="210" hits="0"/><line number="211" hits="0"/><line number="215" hits="0"/><line number="221" hits="0"/><line number="222" hits="0"/><line number="223" hits="0"/><line number="224" hits="0"/><line number="228" hits="0"/><line number="234" hits="0"/><line number="235" hits="0"/><line number="236" hits="0"/><line number="241" hits="1"/><line number="242" hits="1"/><line number="243" hits="1"/><line number="245" hits="1"/><line number="246" hits="1"/><line number="249" hits="2"/><line number="250" hits="3"/><line number="251" hits="1"/><line number="252" hits="1"/><line number="254" hits="0"/><line number="255" hits="0"/><line number="256" hits="0"/><line number="257" hits="0"/><line number="260" hits="1"/><line number="261" hits="2"/><line number="265" hits="4"/><line number="268" hits="0"/><line number="269" hits="0"/><line number="270" hits="0"/><line number="273" hits="2"/><line number="277" hits="4"/><line number="281" hits="0"/><line number="282" hits="0"/><line number="283" hits="0"/><line number="284" hits="0"/><line number="286" hits="0"/><line number="295" hits="0"/><line number="299" hits="0"/><line number="302" hits="0"/><line number="303" hits="0"/><line number="304" hits="0"/><line number="307" hits="0"/><line number="308" hits="0"/><line number="309" hits="0"/><line number="311" hits="0"/><line number="317" hits="1"/><line number="318" hits="1"/><line number="319" hits="1"/><line number="320" hits="0"/><line number="321" hits="2"/><line number="322" hits="1"/><line number="323" hits="0"/><line number="327" hits="1"/><line number="328" hits="1"/><line number="329" hits="1"/><line number="330" hits="1"/><line number="331" hits="1"/><line number="332" hits="0"/><line number="333" hits="0"/><line number="334" hits="0"/><line number="335" hits="0"/><line number="336" hits="1"/><line number="337" hits="0"/><line number="338" hits="1"/><line number="339" hits="0"/><line number="340" hits="1"/><line number="341" hits="0"/><line number="342" hits="0"/><line number="343" hits="0"/><line number="344" hits="0"/><line number="345" hits="0"/><line number="346" hits="0"/><line number="347" hits="0"/><line number="348" hits="0"/><line number="349" hits="0"/><line number="350" hits="0"/><line number="354" hits="0"/><line number="355" hits="0"/><line number="356" hits="0"/><line number="357" hits="0"/><line number="358" hits="0"/><line number="359" hits="0"/><line number="363" hits="1"/><line number="365" hits="5"/></lines></class><class name="direct_rules" filename="crates/depyler-core/src/direct_rules.rs" line-rate="0.625" branch-rate="0" complexity="0"><methods/><lines><line number="6" hits="1"/><line number="7" hits="1"/><line number="10" hits="2"/><line number="15" hits="2"/><line number="16" hits="2"/><line number="17" hits="1"/><line number="20" hits="1"/><line number="21" hits="1"/><line number="22" hits="1"/><line number="23" hits="1"/><line number="27" hits="1"/><line number="28" hits="1"/><line number="32" hits="3"/><line number="33" hits="1"/><line number="34" hits="3"/><line number="35" hits="2"/><line number="36" hits="2"/><line number="39" hits="2"/><line number="44" hits="2"/><line number="45" hits="0"/><line number="47" hits="2"/><line number="50" hits="2"/><line number="51" hits="2"/><line number="52" hits="2"/><line number="53" hits="2"/><line number="54" hits="2"/><line number="60" hits="2"/><line number="61" hits="0"/><line number="63" hits="6"/><line number="64" hits="2"/><line number="68" hits="4"/><line number="70" hits="2"/><line number="75" hits="2"/><line number="76" hits="2"/><line number="77" hits="2"/><line number="81" hits="1"/><line number="82" hits="2"/><line number="87" hits="1"/><line number="88" hits="1"/><line number="89" hits="1"/><line number="90" hits="1"/><line number="94" hits="1"/><line number="95" hits="2"/><line number="96" hits="2"/><line number="97" hits="2"/><line number="98" hits="2"/><line number="99" hits="1"/><line number="101" hits="1"/><line number="103" hits="1"/><line number="107" hits="1"/><line number="108" hits="3"/><line number="110" hits="1"/><line number="111" hits="1"/><line number="113" hits="0"/><line number="115" hits="0"/><line number="116" hits="0"/><line number="119" hits="0"/><line number="120" hits="0"/><line number="121" hits="0"/><line number="124" hits="0"/><line number="125" hits="0"/><line number="127" hits="0"/><line number="128" hits="0"/><line number="135" hits="2"/><line number="139" hits="2"/><line number="140" hits="2"/><line number="141" hits="0"/><line number="142" hits="0"/><line number="143" hits="0"/><line number="146" hits="0"/><line number="147" hits="0"/><line number="148" hits="0"/><line number="149" hits="0"/><line number="150" hits="0"/><line number="152" hits="0"/><line number="153" hits="0"/><line number="156" hits="0"/><line number="157" hits="0"/><line number="158" hits="0"/><line number="161" hits="0"/><line number="163" hits="0"/><line number="166" hits="2"/><line number="167" hits="4"/><line number="169" hits="0"/><line number="171" hits="2"/><line number="172" hits="2"/><line number="173" hits="2"/><line number="176" hits="0"/><line number="181" hits="0"/><line number="182" hits="0"/><line number="184" hits="0"/><line number="185" hits="0"/><line number="186" hits="0"/><line number="190" hits="0"/><line number="195" hits="0"/><line number="197" hits="0"/><line number="198" hits="0"/><line number="199" hits="0"/><line number="201" hits="0"/><line number="205" hits="0"/><line number="207" hits="0"/><line number="208" hits="0"/><line number="209" hits="0"/><line number="210" hits="0"/><line number="212" hits="0"/><line number="216" hits="0"/><line number="218" hits="0"/><line number="219" hits="0"/><line number="220" hits="0"/><line number="225" hits="0"/><line number="226" hits="0"/><line number="227" hits="0"/><line number="228" hits="0"/><line number="229" hits="0"/><line number="235" hits="2"/><line number="236" hits="2"/><line number="246" hits="0"/><line number="250" hits="9"/><line number="251" hits="9"/><line number="252" hits="1"/><line number="253" hits="1"/><line number="254" hits="1"/><line number="255" hits="0"/><line number="256" hits="3"/><line number="257" hits="0"/><line number="258" hits="1"/><line number="259" hits="1"/><line number="260" hits="1"/><line number="261" hits="0"/><line number="265" hits="0"/><line number="266" hits="1"/><line number="269" hits="1"/><line number="270" hits="1"/><line number="271" hits="2"/><line number="274" hits="1"/><line number="275" hits="3"/><line number="276" hits="3"/><line number="277" hits="3"/><line number="278" hits="1"/><line number="281" hits="0"/><line number="282" hits="0"/><line number="283" hits="0"/><line number="284" hits="0"/><line number="285" hits="0"/><line number="286" hits="0"/><line number="287" hits="0"/><line number="291" hits="3"/><line number="292" hits="2"/><line number="294" hits="4"/><line number="297" hits="0"/><line number="298" hits="3"/><line number="299" hits="4"/><line number="300" hits="0"/><line number="304" hits="1"/><line number="305" hits="1"/><line number="306" hits="0"/><line number="308" hits="1"/><line number="309" hits="1"/><line number="312" hits="2"/><line number="313" hits="2"/><line number="314" hits="0"/><line number="315" hits="1"/><line number="316" hits="1"/><line number="318" hits="0"/><line number="319" hits="1"/><line number="320" hits="1"/><line number="321" hits="1"/><line number="323" hits="0"/><line number="325" hits="0"/><line number="327" hits="0"/><line number="331" hits="0"/><line number="332" hits="0"/><line number="333" hits="0"/><line number="336" hits="0"/><line number="337" hits="0"/><line number="338" hits="0"/><line number="341" hits="0"/><line number="342" hits="0"/><line number="346" hits="1"/><line number="347" hits="1"/><line number="349" hits="2"/><line number="351" hits="5"/><line number="354" hits="1"/><line number="355" hits="1"/><line number="357" hits="2"/><line number="358" hits="3"/><line number="359" hits="3"/><line number="360" hits="1"/><line number="364" hits="5"/><line number="366" hits="0"/><line number="367" hits="0"/><line number="368" hits="0"/><line number="373" hits="1"/><line number="374" hits="1"/><line number="376" hits="2"/><line number="378" hits="5"/><line number="382" hits="1"/><line number="383" hits="1"/><line number="384" hits="1"/><line number="385" hits="3"/><line number="386" hits="7"/><line number="388" hits="1"/><line number="389" hits="2"/><line number="390" hits="1"/><line number="393" hits="2"/><line number="394" hits="2"/><line number="397" hits="1"/><line number="398" hits="1"/><line number="400" hits="1"/><line number="405" hits="5"/><line number="408" hits="5"/><line number="410" hits="1"/><line number="411" hits="1"/><line number="412" hits="1"/><line number="413" hits="1"/><line number="414" hits="1"/><line number="417" hits="0"/><line number="418" hits="2"/><line number="421" hits="1"/><line number="422" hits="1"/><line number="423" hits="1"/><line number="424" hits="1"/><line number="425" hits="1"/><line number="426" hits="1"/><line number="429" hits="1"/><line number="430" hits="1"/><line number="433" hits="1"/><line number="434" hits="1"/><line number="435" hits="1"/><line number="436" hits="1"/><line number="437" hits="1"/><line number="440" hits="1"/></lines></class><class name="error" filename="crates/depyler-core/src/error.rs" line-rate="0.68" branch-rate="0" complexity="0"><methods/><lines><line number="13" hits="1"/><line number="14" hits="1"/><line number="54" hits="0"/><line number="58" hits="6"/><line number="64" hits="0"/><line number="65" hits="2"/><line number="66" hits="2"/><line number="70" hits="0"/><line number="71" hits="8"/><line number="72" hits="6"/><line number="76" hits="0"/><line number="77" hits="0"/><line number="78" hits="0"/><line number="83" hits="1"/><line number="85" hits="2"/><line number="88" hits="1"/><line number="89" hits="2"/><line number="93" hits="1"/><line number="94" hits="2"/><line number="95" hits="3"/><line number="96" hits="2"/><line number="116" hits="0"/><line number="117" hits="0"/><line number="138" hits="4"/><line number="140" hits="1"/></lines></class><class name="lib" filename="crates/depyler-core/src/lib.rs" line-rate="0.55" branch-rate="0" complexity="0"><methods/><lines><line number="69" hits="0"/><line number="83" hits="0"/><line number="84" hits="0"/><line number="88" hits="0"/><line number="91" hits="1"/><line number="93" hits="2"/><line number="96" hits="3"/><line number="99" hits="4"/><line number="104" hits="0"/><line number="105" hits="6"/><line number="106" hits="2"/><line number="115" hits="1"/><line number="119" hits="3"/><line number="120" hits="3"/><line number="122" hits="1"/><line number="124" hits="1"/><line number="146" hits="0"/><line number="148" hits="0"/><line number="150" hits="0"/><line number="154" hits="0"/></lines></class><class name="rust_gen" filename="crates/depyler-core/src/rust_gen.rs" line-rate="0.5294117647058824" branch-rate="0" complexity="0"><methods/><lines><line number="18" hits="2"/><line number="28" hits="2"/><line number="31" hits="2"/><line number="37" hits="1"/><line number="38" hits="0"/><line number="44" hits="1"/><line number="46" hits="3"/><line number="50" hits="1"/><line number="54" hits="1"/><line number="55" hits="1"/><line number="58" hits="2"/><line number="61" hits="3"/><line number="62" hits="1"/><line number="63" hits="1"/><line number="64" hits="3"/><line number="67" hits="1"/><line number="68" hits="0"/><line number="70" hits="1"/><line number="73" hits="1"/><line number="78" hits="1"/><line number="79" hits="1"/><line number="80" hits="0"/><line number="82" hits="3"/><line number="83" hits="1"/><line number="87" hits="2"/><line number="90" hits="2"/><line number="95" hits="1"/><line number="96" hits="1"/><line number="100" hits="1"/><line number="101" hits="1"/><line number="106" hits="8"/><line number="116" hits="1"/><line number="117" hits="1"/><line number="118" hits="0"/><line number="119" hits="0"/><line number="120" hits="0"/><line number="121" hits="0"/><line number="124" hits="1"/><line number="125" hits="3"/><line number="126" hits="1"/><line number="128" hits="0"/><line number="131" hits="1"/><line number="136" hits="3"/><line number="137" hits="2"/><line number="139" hits="1"/><line number="142" hits="2"/><line number="143" hits="2"/><line number="145" hits="1"/><line number="147" hits="5"/><line number="155" hits="3"/><line number="162" hits="0"/><line number="163" hits="0"/><line number="164" hits="0"/><line number="166" hits="0"/><line number="168" hits="0"/><line number="174" hits="0"/><line number="175" hits="0"/><line number="176" hits="0"/><line number="177" hits="0"/><line number="179" hits="0"/><line number="181" hits="0"/><line number="187" hits="0"/><line number="188" hits="0"/><line number="189" hits="0"/><line number="201" hits="2"/><line number="202" hits="2"/><line number="203" hits="1"/><line number="205" hits="1"/><line number="206" hits="1"/><line number="209" hits="2"/><line number="210" hits="2"/><line number="211" hits="3"/><line number="212" hits="1"/><line number="215" hits="0"/><line number="216" hits="0"/><line number="217" hits="0"/><line number="218" hits="0"/><line number="219" hits="0"/><line number="220" hits="0"/><line number="224" hits="1"/><line number="226" hits="1"/><line number="230" hits="1"/><line number="231" hits="0"/><line number="232" hits="0"/><line number="234" hits="0"/><line number="235" hits="0"/><line number="237" hits="1"/><line number="239" hits="0"/><line number="240" hits="0"/><line number="243" hits="0"/><line number="244" hits="0"/><line number="245" hits="0"/><line number="247" hits="0"/><line number="248" hits="0"/><line number="251" hits="1"/><line number="252" hits="3"/><line number="257" hits="0"/><line number="258" hits="0"/><line number="260" hits="0"/><line number="265" hits="2"/><line number="267" hits="2"/><line number="269" hits="5"/><line number="272" hits="1"/><line number="274" hits="2"/><line number="275" hits="2"/><line number="276" hits="2"/><line number="277" hits="1"/><line number="279" hits="3"/><line number="288" hits="0"/><line number="290" hits="0"/><line number="292" hits="0"/><line number="295" hits="0"/><line number="296" hits="0"/><line number="297" hits="0"/><line number="300" hits="0"/><line number="301" hits="0"/><line number="302" hits="0"/><line number="304" hits="0"/><line number="311" hits="1"/><line number="312" hits="2"/><line number="313" hits="1"/><line number="314" hits="2"/><line number="315" hits="2"/><line number="317" hits="0"/><line number="318" hits="0"/><line number="319" hits="0"/><line number="322" hits="1"/><line number="323" hits="1"/><line number="326" hits="0"/><line number="327" hits="0"/><line number="329" hits="0"/><line number="333" hits="2"/><line number="336" hits="2"/><line number="338" hits="1"/><line number="339" hits="1"/><line number="340" hits="1"/><line number="341" hits="0"/><line number="342" hits="0"/><line number="345" hits="0"/><line number="346" hits="2"/><line number="349" hits="1"/><line number="350" hits="0"/><line number="351" hits="1"/><line number="352" hits="1"/><line number="353" hits="1"/><line number="354" hits="0"/><line number="357" hits="0"/><line number="358" hits="0"/><line number="361" hits="0"/><line number="362" hits="0"/><line number="363" hits="0"/><line number="364" hits="0"/><line number="365" hits="0"/><line number="368" hits="1"/><line number="372" hits="1"/><line number="375" hits="2"/><line number="377" hits="1"/><line number="378" hits="1"/><line number="380" hits="0"/><line number="382" hits="0"/><line number="383" hits="0"/><line number="386" hits="0"/><line number="387" hits="0"/><line number="388" hits="0"/><line number="391" hits="0"/><line number="392" hits="0"/><line number="394" hits="0"/><line number="395" hits="0"/><line number="401" hits="1"/><line number="402" hits="5"/></lines></class><class name="type_mapper" filename="crates/depyler-core/src/type_mapper.rs" line-rate="0.673469387755102" branch-rate="0" complexity="0"><methods/><lines><line number="82" hits="0"/><line number="87" hits="0"/><line number="92" hits="1"/><line number="93" hits="1"/><line number="94" hits="1"/><line number="95" hits="2"/><line number="100" hits="1"/><line number="101" hits="1"/><line number="106" hits="1"/><line number="107" hits="1"/><line number="108" hits="2"/><line number="110" hits="3"/><line number="113" hits="1"/><line number="114" hits="2"/><line number="116" hits="2"/><line number="119" hits="1"/><line number="121" hits="1"/><line number="125" hits="0"/><line number="126" hits="3"/><line number="127" hits="1"/><line number="128" hits="4"/><line number="132" hits="0"/><line number="133" hits="3"/><line number="142" hits="0"/><line number="143" hits="1"/><line number="144" hits="0"/><line number="145" hits="2"/><line number="152" hits="1"/><line number="153" hits="1"/><line number="154" hits="1"/><line number="155" hits="1"/><line number="157" hits="0"/><line number="158" hits="0"/><line number="160" hits="0"/><line number="163" hits="0"/><line number="164" hits="1"/><line number="166" hits="1"/><line number="168" hits="1"/><line number="170" hits="0"/><line number="177" hits="0"/><line number="178" hits="0"/><line number="179" hits="0"/><line number="181" hits="0"/><line number="185" hits="2"/><line number="188" hits="1"/><line number="189" hits="2"/><line number="193" hits="1"/><line number="194" hits="0"/><line number="201" hits="4"/></lines></class></classes></package><package name="examples" line-rate="0" branch-rate="0" complexity="0"><classes></classes></package><package name="tests/validation" line-rate="0" branch-rate="0" complexity="0"><classes></classes></package><package name="benches" line-rate="0" branch-rate="0" complexity="0"><classes></classes></package><package name="tests" line-rate="0" branch-rate="0" complexity="0"><classes></classes></package><package name="tests/integration" line-rate="0" branch-rate="0" complexity="0"><classes></classes></package><package name="crates/depyler-analyzer/src" line-rate="0" branch-rate="0" complexity="0"><classes></classes></package><package name="crates/depyler-verify/src" line-rate="0" branch-rate="0" complexity="0"><classes></classes></package><package name="" line-rate="0.6172413793103448" branch-rate="0" complexity="0"><classes></classes></package><package name="crates/depyler-mcp/src" line-rate="0" branch-rate="0" complexity="0"><classes></classes></package><package name="tests/transpilation" line-rate="0" branch-rate="0" complexity="0"><classes></classes></package><package name="tests/fixtures/expected_rust" line-rate="0" branch-rate="0" complexity="0"><classes></classes></package></packages></coverage>