{"numTotalTestSuites":86,"numPassedTestSuites":85,"numFailedTestSuites":1,"numPendingTestSuites":0,"numTotalTests":183,"numPassedTests":135,"numFailedTests":48,"numPendingTests":0,"numTodoTests":0,"startTime":1749248138639,"success":false,"testResults":[{"assertionResults":[{"ancestorTitles":["","Accessibility Compliance Testing","WCAG 2.1 AA Compliance"],"fullName":" Accessibility Compliance Testing WCAG 2.1 AA Compliance passes full application accessibility audit","status":"failed","title":"passes full application accessibility audit","duration":351,"failureMessages":["expected false to be true // Object.is equality"],"location":{"line":302,"column":30}},{"ancestorTitles":["","Accessibility Compliance Testing","WCAG 2.1 AA Compliance"],"fullName":" Accessibility Compliance Testing WCAG 2.1 AA Compliance validates EnergyGauge component accessibility","status":"failed","title":"validates EnergyGauge component accessibility","duration":14,"failureMessages":["Cannot read properties of undefined (reading 'python')"],"location":{"line":183,"column":42}},{"ancestorTitles":["","Accessibility Compliance Testing","WCAG 2.1 AA Compliance"],"fullName":" Accessibility Compliance Testing WCAG 2.1 AA Compliance validates ExecutionButton accessibility","status":"passed","title":"validates ExecutionButton accessibility","duration":12,"failureMessages":[]},{"ancestorTitles":["","Accessibility Compliance Testing","Keyboard Navigation"],"fullName":" Accessibility Compliance Testing Keyboard Navigation provides complete keyboard navigation support","status":"passed","title":"provides complete keyboard navigation support","duration":11,"failureMessages":[]},{"ancestorTitles":["","Accessibility Compliance Testing","Keyboard Navigation"],"fullName":" Accessibility Compliance Testing Keyboard Navigation maintains logical focus order","status":"passed","title":"maintains logical focus order","duration":5,"failureMessages":[]},{"ancestorTitles":["","Accessibility Compliance Testing","Keyboard Navigation"],"fullName":" Accessibility Compliance Testing Keyboard Navigation provides keyboard alternatives for mouse interactions","status":"passed","title":"provides keyboard alternatives for mouse interactions","duration":2,"failureMessages":[]},{"ancestorTitles":["","Accessibility Compliance Testing","Screen Reader Support"],"fullName":" Accessibility Compliance Testing Screen Reader Support provides comprehensive screen reader support","status":"failed","title":"provides comprehensive screen reader support","duration":6,"failureMessages":["expected false to be true // Object.is equality"],"location":{"line":377,"column":42}},{"ancestorTitles":["","Accessibility Compliance Testing","Screen Reader Support"],"fullName":" Accessibility Compliance Testing Screen Reader Support uses proper ARIA labels and descriptions","status":"failed","title":"uses proper ARIA labels and descriptions","duration":10,"failureMessages":["expect(element).toHaveAttribute(\"aria-label\", \"Depyler Playground\") // element.getAttribute(\"aria-label\") === \"Depyler Playground\"\n\nExpected the element to have attribute:\n  aria-label=\"Depyler Playground\"\nReceived:\n  null"],"location":{"line":391,"column":20}},{"ancestorTitles":["","Accessibility Compliance Testing","Screen Reader Support"],"fullName":" Accessibility Compliance Testing Screen Reader Support provides status updates for dynamic content","status":"failed","title":"provides status updates for dynamic content","duration":89,"failureMessages":["Unable to find an element with the role \"status\"\n\nHere are the available roles:\n\n  banner:\n\n  Name \"\":\n  \u001b[36m<header\u001b[39m\n    \u001b[33mclass\u001b[39m=\u001b[32m\"bg-white shadow-sm border-b\"\u001b[39m\n  \u001b[36m/>\u001b[39m\n\n  --------------------------------------------------\n  heading:\n\n  Name \"Depyler Interactive Playground\":\n  \u001b[36m<h1\u001b[39m\n    \u001b[33mclass\u001b[39m=\u001b[32m\"text-2xl font-bold text-gray-900\"\u001b[39m\n  \u001b[36m/>\u001b[39m\n\n  Name \"Python Code\":\n  \u001b[36m<h2\u001b[39m\n    \u001b[33mclass\u001b[39m=\u001b[32m\"text-lg font-semibold text-gray-900\"\u001b[39m\n  \u001b[36m/>\u001b[39m\n\n  Name \"Generated Rust\":\n  \u001b[36m<h2\u001b[39m\n    \u001b[33mclass\u001b[39m=\u001b[32m\"text-lg font-semibold text-gray-900\"\u001b[39m\n  \u001b[36m/>\u001b[39m\n\n  --------------------------------------------------\n  button:\n\n  Name \"Run Comparison\":\n  \u001b[36m<button\u001b[39m\n    \u001b[33maria-busy\u001b[39m=\u001b[32m\"false\"\u001b[39m\n    \u001b[33mclass\u001b[39m=\u001b[32m\"\n          inline-flex items-center px-6 py-3 border border-transparent text-base font-medium rounded-md shadow-sm text-white\n          bg-blue-600 hover:bg-blue-700 focus:outline-none focus:ring-2 focus:ring-offset-2 focus:ring-blue-500\n          transition-colors duration-200\n        \"\u001b[39m\n    \u001b[33mtype\u001b[39m=\u001b[32m\"button\"\u001b[39m\n  \u001b[36m/>\u001b[39m\n\n  Name \"📄 Output\":\n  \u001b[36m<button\u001b[39m\n    \u001b[33mclass\u001b[39m=\u001b[32m\"\n                  py-4 px-1 border-b-2 font-medium text-sm transition-colors duration-200\n                  border-blue-500 text-blue-600\n                \"\u001b[39m\n  \u001b[36m/>\u001b[39m\n\n  Name \"⚡ Performance\":\n  \u001b[36m<button\u001b[39m\n    \u001b[33mclass\u001b[39m=\u001b[32m\"\n                  py-4 px-1 border-b-2 font-medium text-sm transition-colors duration-200\n                  border-transparent text-gray-500 hover:text-gray-700 hover:border-gray-300\n                \"\u001b[39m\n  \u001b[36m/>\u001b[39m\n\n  Name \"🔋 Energy\":\n  \u001b[36m<button\u001b[39m\n    \u001b[33mclass\u001b[39m=\u001b[32m\"\n                  py-4 px-1 border-b-2 font-medium text-sm transition-colors duration-200\n                  border-transparent text-gray-500 hover:text-gray-700 hover:border-gray-300\n                \"\u001b[39m\n  \u001b[36m/>\u001b[39m\n\n  Name \"🔍 Deep Dive\":\n  \u001b[36m<button\u001b[39m\n    \u001b[33mclass\u001b[39m=\u001b[32m\"\n                  py-4 px-1 border-b-2 font-medium text-sm transition-colors duration-200\n                  border-transparent text-gray-500 hover:text-gray-700 hover:border-gray-300\n                \"\u001b[39m\n  \u001b[36m/>\u001b[39m\n\n  --------------------------------------------------\n  main:\n\n  Name \"\":\n  \u001b[36m<main\u001b[39m\n    \u001b[33mclass\u001b[39m=\u001b[32m\"max-w-7xl mx-auto px-4 sm:px-6 lg:px-8 py-6\"\u001b[39m\n  \u001b[36m/>\u001b[39m\n\n  --------------------------------------------------\n  textbox:\n\n  Name \"\":\n  \u001b[36m<textarea\u001b[39m\n    \u001b[33mdata-testid\u001b[39m=\u001b[32m\"monaco-editor\"\u001b[39m\n  \u001b[36m/>\u001b[39m\n\n  Name \"\":\n  \u001b[36m<textarea\u001b[39m\n    \u001b[33mdata-testid\u001b[39m=\u001b[32m\"monaco-editor\"\u001b[39m\n  \u001b[36m/>\u001b[39m\n\n  --------------------------------------------------\n  navigation:\n\n  Name \"Tabs\":\n  \u001b[36m<nav\u001b[39m\n    \u001b[33maria-label\u001b[39m=\u001b[32m\"Tabs\"\u001b[39m\n    \u001b[33mclass\u001b[39m=\u001b[32m\"flex space-x-8 px-6\"\u001b[39m\n  \u001b[36m/>\u001b[39m\n\n  --------------------------------------------------\n  contentinfo:\n\n  Name \"\":\n  \u001b[36m<footer\u001b[39m\n    \u001b[33mclass\u001b[39m=\u001b[32m\"bg-white border-t mt-12\"\u001b[39m\n  \u001b[36m/>\u001b[39m\n\n  --------------------------------------------------\n  link:\n\n  Name \"GitHub\":\n  \u001b[36m<a\u001b[39m\n    \u001b[33mclass\u001b[39m=\u001b[32m\"hover:text-gray-900\"\u001b[39m\n    \u001b[33mhref\u001b[39m=\u001b[32m\"https://github.com/paiml/depyler\"\u001b[39m\n    \u001b[33mrel\u001b[39m=\u001b[32m\"noopener noreferrer\"\u001b[39m\n    \u001b[33mtarget\u001b[39m=\u001b[32m\"_blank\"\u001b[39m\n  \u001b[36m/>\u001b[39m\n\n  Name \"Documentation\":\n  \u001b[36m<a\u001b[39m\n    \u001b[33mclass\u001b[39m=\u001b[32m\"hover:text-gray-900\"\u001b[39m\n    \u001b[33mhref\u001b[39m=\u001b[32m\"/docs\"\u001b[39m\n  \u001b[36m/>\u001b[39m\n\n  --------------------------------------------------\n\nIgnored nodes: comments, script, style\n\u001b[36m<body>\u001b[39m\n  \u001b[36m<div>\u001b[39m\n    \u001b[36m<div\u001b[39m\n      \u001b[33mclass\u001b[39m=\u001b[32m\"min-h-screen bg-gray-50\"\u001b[39m\n      \u001b[33mdata-testid\u001b[39m=\u001b[32m\"playground-container\"\u001b[39m\n    \u001b[36m>\u001b[39m\n      \u001b[36m<header\u001b[39m\n        \u001b[33mclass\u001b[39m=\u001b[32m\"bg-white shadow-sm border-b\"\u001b[39m\n      \u001b[36m>\u001b[39m\n        \u001b[36m<div\u001b[39m\n          \u001b[33mclass\u001b[39m=\u001b[32m\"max-w-7xl mx-auto px-4 sm:px-6 lg:px-8 py-4\"\u001b[39m\n        \u001b[36m>\u001b[39m\n          \u001b[36m<div\u001b[39m\n            \u001b[33mclass\u001b[39m=\u001b[32m\"flex items-center justify-between\"\u001b[39m\n          \u001b[36m>\u001b[39m\n            \u001b[36m<div>\u001b[39m\n              \u001b[36m<h1\u001b[39m\n                \u001b[33mclass\u001b[39m=\u001b[32m\"text-2xl font-bold text-gray-900\"\u001b[39m\n              \u001b[36m>\u001b[39m\n                \u001b[0mDepyler Interactive Playground\u001b[0m\n              \u001b[36m</h1>\u001b[39m\n              \u001b[36m<p\u001b[39m\n                \u001b[33mclass\u001b[39m=\u001b[32m\"text-sm text-gray-600\"\u001b[39m\n              \u001b[36m>\u001b[39m\n                \u001b[0mPython-to-Rust transpiler with energy efficiency analysis\u001b[0m\n              \u001b[36m</p>\u001b[39m\n            \u001b[36m</div>\u001b[39m\n            \u001b[36m<button\u001b[39m\n              \u001b[33maria-busy\u001b[39m=\u001b[32m\"false\"\u001b[39m\n              \u001b[33mclass\u001b[39m=\u001b[32m\"\n        inline-flex items-center px-6 py-3 border border-transparent text-base font-medium rounded-md shadow-sm text-white\n        bg-blue-600 hover:bg-blue-700 focus:outline-none focus:ring-2 focus:ring-offset-2 focus:ring-blue-500\n        transition-colors duration-200\n      \"\u001b[39m\n              \u001b[33mtype\u001b[39m=\u001b[32m\"button\"\u001b[39m\n            \u001b[36m>\u001b[39m\n              \u001b[36m<div\u001b[39m\n                \u001b[33mclass\u001b[39m=\u001b[32m\"flex items-center space-x-2\"\u001b[39m\n              \u001b[36m>\u001b[39m\n                \u001b[36m<svg\u001b[39m\n                  \u001b[33mfill\u001b[39m=\u001b[32m\"currentColor\"\u001b[39m\n                  \u001b[33mheight\u001b[39m=\u001b[32m\"20\"\u001b[39m\n                  \u001b[33mviewBox\u001b[39m=\u001b[32m\"0 0 24 24\"\u001b[39m\n                  \u001b[33mwidth\u001b[39m=\u001b[32m\"20\"\u001b[39m\n                  \u001b[33mxmlns\u001b[39m=\u001b[32m\"http://www.w3.org/2000/svg\"\u001b[39m\n                \u001b[36m>\u001b[39m\n                  \u001b[36m<path\u001b[39m\n                    \u001b[33md\u001b[39m=\u001b[32m\"M8 5v14l11-7z\"\u001b[39m\n                  \u001b[36m/>\u001b[39m\n                \u001b[36m</svg>\u001b[39m\n                \u001b[36m<span>\u001b[39m\n                  \u001b[0mRun Comparison\u001b[0m\n                \u001b[36m</span>\u001b[39m\n              \u001b[36m</div>\u001b[39m\n            \u001b[36m</button>\u001b[39m\n          \u001b[36m</div>\u001b[39m\n        \u001b[36m</div>\u001b[39m\n      \u001b[36m</header>\u001b[39m\n      \u001b[36m<main\u001b[39m\n        \u001b[33mclass\u001b[39m=\u001b[32m\"max-w-7xl mx-auto px-4 sm:px-6 lg:px-8 py-6\"\u001b[39m\n      \u001b[36m>\u001b[39m\n        \u001b[36m<div\u001b[39m\n          \u001b[33mclass\u001b[39m=\u001b[32m\"grid grid-cols-1 lg:grid-cols-2 gap-6 mb-6\"\u001b[39m\n        \u001b[36m>\u001b[39m\n          \u001b[36m<div\u001b[39m\n            \u001b[33mclass\u001b[39m=\u001b[32m\"bg-white rounded-lg shadow-sm border\"\u001b[39m\n            \u001b[33mdata-testid\u001b[39m=\u001b[32m\"editor-panel\"\u001b[39m\n          \u001b[36m>\u001b[39m\n            \u001b[36m<div\u001b[39m\n              \u001b[33mclass\u001b[39m=\u001b[32m\"px-4 py-3 border-b bg-gray-50 rounded-t-lg\"\u001b[39m\n            \u001b[36m>\u001b[39m\n              \u001b[36m<h2\u001b[39m\n                \u001b[33mclass\u001b[39m=\u001b[32m\"text-lg font-semibold text-gray-900\"\u001b[39m\n              \u001b[36m>\u001b[39m\n                \u001b[0mPython Code\u001b[0m\n              \u001b[36m</h2>\u001b[39m\n              \u001b[36m<p\u001b[39m\n                \u001b[33mclass\u001b[39m=\u001b[32m\"text-sm text-gray-600\"\u001b[39m\n              \u001b[36m>\u001b[39m\n                \u001b[0mWrite Python code with @depyler annotations for optimization hints\u001b[0m\n              \u001b[36m</p>\u001b[39m\n            \u001b[36m</div>\u001b[39m\n            \u001b[36m<div\u001b[39m\n              \u001b[33mclass\u001b[39m=\u001b[32m\"p-4\"\u001b[39m\n            \u001b[36m>\u001b[39m\n              \u001b[36m<div\u001b[39m\n                \u001b[33mclass\u001b[39m=\u001b[32m\"relative\"\u001b[39m\n              \u001b[36m>\u001b[39m\n                \u001b[36m<textarea\u001b[39m\n                  \u001b[33mdata-testid\u001b[39m=\u001b[32m\"monaco-editor\"\u001b[39m\n                \u001b[36m>\u001b[39m\n                  \u001b[0mdef add(a: int, b: int) -&gt; int:\n    return a + b\u001b[0m\n                \u001b[36m</textarea>\u001b[39m\n              \u001b[36m</div>\u001b[39m\n            \u001b[36m</div>\u001b[39m\n          \u001b[36m</div>\u001b[39m\n          \u001b[36m<div\u001b[39m\n            \u001b[33mclass\u001b[39m=\u001b[32m\"bg-white rounded-lg shadow-sm border\"\u001b[39m\n            \u001b[33mdata-testid\u001b[39m=\u001b[32m\"results-panel\"\u001b[39m\n          \u001b[36m>\u001b[39m\n            \u001b[36m<div\u001b[39m\n              \u001b[33mclass\u001b[39m=\u001b[32m\"px-4 py-3 border-b bg-gray-50 rounded-t-lg\"\u001b[39m\n            \u001b[36m>\u001b[39m\n              \u001b[36m<h2\u001b[39m\n                \u001b[33mclass\u001b[39m=\u001b[32m\"text-lg font-semibold text-gray-900\"\u001b[39m\n              \u001b[36m>\u001b[39m\n                \u001b[0mGenerated Rust\u001b[0m\n              \u001b[36m</h2>\u001b[39m\n              \u001b[36m<p\u001b[39m\n                \u001b[33mclass\u001b[39m=\u001b[32m\"text-sm text-gray-600\"\u001b[39m\n              \u001b[36m>\u001b[39m\n                \u001b[0mAutomatically transpiled Rust code with safety guarantees\u001b[0m\n              \u001b[36m</p>\u001b[39m\n            \u001b[36m</div>\u001b[39m\n            \u001b[36m<div\u001b[39m\n              \u001b[33mclass\u001b[39m=\u001b[32m\"p-4\"\u001b[39m\n            \u001b[36m>\u001b[39m\n              \u001b[36m<div\u001b[39m\n                \u001b[33mclass\u001b[39m=\u001b[32m\"relative\"\u001b[39m\n              \u001b[36m>\u001b[39m\n                \u001b[36m<textarea\u001b[39m\n                  \u001b[33mdata-testid\u001b[39m=\u001b[32m\"monaco-editor\"\u001b[39m\n                \u001b[36m>\u001b[39m\n                  \u001b[0mfn add(a: i32, b: i32) -&gt; i32 { a + b }\u001b[0m\n                \u001b[36m</textarea>\u001b[39m\n              \u001b[36m</div>\u001b[39m\n            \u001b[36m</div>\u001b[39m\n          \u001b[36m</div>\u001b[39m\n        \u001b[36m</div>\u001b[39m\n        \u001b[36m<div\u001b[39m\n          \u001b[33mclass\u001b[39m=\u001b[32m\"bg-white rounded-lg shadow-sm border\"\u001b[39m\n        \u001b[36m>\u001b[39m\n          \u001b[36m<div\u001b[39m\n            \u001b[33mclass\u001b[39m=\u001b[32m\"border-b border-gray-200\"\u001b[39m\n          \u001b[36m>\u001b[39m\n            \u001b[36m<nav\u001b[39m\n              \u001b[33maria-label\u001b[39m=\u001b[32m\"Tabs\"\u001b[39m\n              \u001b[33mclass\u001b[39m=\u001b[32m\"flex space-x-8 px-6\"\u001b[39m\n            \u001b[36m>\u001b[39m\n              \u001b[36m<button\u001b[39m\n                \u001b[33mclass\u001b[39m=\u001b[32m\"\n                py-4 px-1 border-b-2 font-medium text-sm transition-colors duration-200\n                border-blue-500 text-blue-600\n              \"\u001b[39m\n              \u001b[36m>\u001b[39m\n                \u001b[36m<span\u001b[39m\n                  \u001b[33mclass\u001b[39m=\u001b[32m\"mr-2\"\u001b[39m\n                \u001b[36m>\u001b[39m\n                  \u001b[0m📄\u001b[0m\n                \u001b[36m</span>\u001b[39m\n                \u001b[0mOutput\u001b[0m\n              \u001b[36m</button>\u001b[39m\n              \u001b[36m<button\u001b[39m\n                \u001b[33mclass\u001b[39m=\u001b[32m\"\n                py-4 px-1 border-b-2 font-medium text-sm transition-colors duration-200\n                border-transparent text-gray-500 hover:text-gray-700 hover:border-gray-300\n              \"\u001b[39m\n              \u001b[36m>\u001b[39m\n                \u001b[36m<span\u001b[39m\n                  \u001b[33mclass\u001b[39m=\u001b[32m\"mr-2\"\u001b[39m\n                \u001b[36m>\u001b[39m\n                  \u001b[0m⚡\u001b[0m\n                \u001b[36m</span>\u001b[39m\n                \u001b[0mPerformance\u001b[0m\n              \u001b[36m</button>\u001b[39m\n              \u001b[36m<button\u001b[39m\n                \u001b[33mclass\u001b[39m=\u001b[32m\"\n                py-4 px-1 border-b-2 font-medium text-sm transition-colors duration-200\n                border-transparent text-gray-500 hover:text-gray-700 hover:border-gray-300\n              \"\u001b[39m\n              \u001b[36m>\u001b[39m\n                \u001b[36m<span\u001b[39m\n                  \u001b[33mclass\u001b[39m=\u001b[32m\"mr-2\"\u001b[39m\n                \u001b[36m>\u001b[39m\n                  \u001b[0m🔋\u001b[0m\n                \u001b[36m</span>\u001b[39m\n                \u001b[0mEnergy\u001b[0m\n              \u001b[36m</button>\u001b[39m\n              \u001b[36m<button\u001b[39m\n                \u001b[33mclass\u001b[39m=\u001b[32m\"\n                py-4 px-1 border-b-2 font-medium text-sm transition-colors duration-200\n                border-transparent text-gray-500 hover:text-gray-700 hover:border-gray-300\n              \"\u001b[39m\n              \u001b[36m>\u001b[39m\n                \u001b[36m<span\u001b[39m\n                  \u001b[33mclass\u001b[39m=\u001b[32m\"mr-2\"\u001b[39m\n                \u001b[36m>\u001b[39m\n                  \u001b[0m🔍\u001b[0m\n                \u001b[36m</span>\u001b[39m\n                \u001b[0mDeep Dive\u001b[0m\n              \u001b[36m</button>\u001b[39m\n            \u001b[36m</nav>\u001b[39m\n          \u001b[36m</div>\u001b[39m\n          \u001b[36m<div\u001b[39m\n            \u001b[33mclass\u001b[39m=\u001b[32m\"p-6\"\u001b[39m\n          \u001b[36m>\u001b[39m\n            \u001b[36m<div\u001b[39m\n              \u001b[33mclass\u001b[39m=\u001b[32m\"text-center py-12\"\u001b[39m\n            \u001b[36m>\u001b[39m\n              \u001b[36m<div\u001b[39m\n                \u001b[33mclass\u001b[39m=\u001b[32m\"w-16 h-16 mx-auto mb-4 bg-gray-100 rounded-full flex items-center justify-center\"\u001b[39m\n              \u001b[36m>\u001b[39m\n                \u001b[36m<svg\u001b[39m\n                  \u001b[33mclass\u001b[39m=\u001b[32m\"w-8 h-8 text-gray-400\"\u001b[39m\n                  \u001b[33mfill\u001b[39m=\u001b[32m\"none\"\u001b[39m\n                  \u001b[33mstroke\u001b[39m=\u001b[32m\"currentColor\"\u001b[39m\n                  \u001b[33mviewBox\u001b[39m=\u001b[32m\"0 0 24 24\"\u001b[39m\n                \u001b[36m>\u001b[39m\n                  \u001b[36m<path\u001b[39m\n                    \u001b[33md\u001b[39m=\u001b[32m\"M9 12h6m-6 4h6m2 5H7a2 2 0 01-2-2V5a2 2 0 012-2h5.586a1 1 0 01.707.293l5.414 5.414a1 1 0 01.293.707V19a2 2 0 01-2 2z\"\u001b[39m\n                    \u001b[33mstroke-linecap\u001b[39m=\u001b[32m\"round\"\u001b[39m\n                    \u001b[33mstroke-linejoin\u001b[39m=\u001b[32m\"round\"\u001b[39m\n                    \u001b[33mstroke-width\u001b[39m=\u001b[32m\"2\"\u001b[39m\n                  \u001b[36m/>\u001b[39m\n                \u001b[36m</svg>\u001b[39m\n              \u001b[36m</div>\u001b[39m\n              \u001b[36m<p\u001b[39m\n                \u001b[33mclass\u001b[39m=\u001b[32m\"text-gray-500\"\u001b[39m\n              \u001b[36m>\u001b[39m\n                \u001b[0mRun your code to see the output comparison\u001b[0m\n              \u001b[36m</p>\u001b[39m\n            \u001b[36m</div>\u001b[39m\n          \u001b[36m</div>\u001b[39m\n        \u001b[36m</div>\u001b[39m\n      \u001b[36m</main>\u001b[39m\n      \u001b[36m<footer\u001b[39m\n        \u001b[33mclass\u001b[39m=\u001b[32m\"bg-white border-t mt-12\"\u001b[39m\n      \u001b[36m>\u001b[39m\n        \u001b[36m<div\u001b[39m\n          \u001b[33mclass\u001b[39m=\u001b[32m\"max-w-7xl mx-auto px-4 sm:px-6 lg:px-8 py-6\"\u001b[39m\n        \u001b[36m>\u001b[39m\n          \u001b[36m<div\u001b[39m\n            \u001b[33mclass\u001b[39m=\u001b[32m\"flex items-center justify-between text-sm text-gray-600\"\u001b[39m\n          \u001b[36m>\u001b[39m\n            \u001b[36m<div>\u001b[39m\n              \u001b[36m<p>\u001b[39m\n                \u001b[0mPowered by \u001b[0m\n                \u001b[36m<strong>\u001b[39m\n                  \u001b[0mDepyler\u001b[0m\n                \u001b[36m</strong>\u001b[39m\n                \u001b[0m - Zero-configuration Python to Rust transpiler\u001b[0m\n              \u001b[36m</p>\u001b[39m\n            \u001b[36m</div>\u001b[39m\n            \u001b[36m<div\u001b[39m\n              \u001b[33mclass\u001b[39m=\u001b[32m\"flex space-x-4\"\u001b[39m\n            \u001b[36m>\u001b[39m\n              \u001b[36m<a\u001b[39m\n                \u001b[33mclass\u001b[39m=\u001b[32m\"hover:text-gray-900\"\u001b[39m\n                \u001b[33mhref\u001b[39m=\u001b[32m\"https://github.com/paiml/depyler\"\u001b[39m\n                \u001b[33mrel\u001b[39m=\u001b[32m\"noopener noreferrer\"\u001b[39m\n                \u001b[33mtarget\u001b[39m=\u001b[32m\"_blank\"\u001b[39m\n              \u001b[36m>\u001b[39m\n                \u001b[0mGitHub\u001b[0m\n              \u001b[36m</a>\u001b[39m\n              \u001b[36m<a\u001b[39m\n                \u001b[33mclass\u001b[39m=\u001b[32m\"hover:text-gray-900\"\u001b[39m\n                \u001b[33mhref\u001b[39m=\u001b[32m\"/docs\"\u001b[39m\n              \u001b[36m>\u001b[39m\n                \u001b[0mDocumentation\u001b[0m\n              \u001b[36m</a>\u001b[39m\n            \u001b[36m</div>\u001b[39m\n          \u001b[36m</div>\u001b[39m\n        \u001b[36m</div>\u001b[39m\n      \u001b[36m</footer>\u001b[39m\n    \u001b[36m</div>\u001b[39m\n  \u001b[36m</div>\u001b[39m\n\u001b[36m</body>\u001b[39m"],"location":{"line":37,"column":19}},{"ancestorTitles":["","Accessibility Compliance Testing","Visual Accessibility"],"fullName":" Accessibility Compliance Testing Visual Accessibility meets color contrast requirements","status":"passed","title":"meets color contrast requirements","duration":6,"failureMessages":[]},{"ancestorTitles":["","Accessibility Compliance Testing","Visual Accessibility"],"fullName":" Accessibility Compliance Testing Visual Accessibility works without color as the only indicator","status":"passed","title":"works without color as the only indicator","duration":4,"failureMessages":[]},{"ancestorTitles":["","Accessibility Compliance Testing","Visual Accessibility"],"fullName":" Accessibility Compliance Testing Visual Accessibility provides sufficient target sizes for touch interfaces","status":"passed","title":"provides sufficient target sizes for touch interfaces","duration":2,"failureMessages":[]},{"ancestorTitles":["","Accessibility Compliance Testing","Motion and Animation Accessibility"],"fullName":" Accessibility Compliance Testing Motion and Animation Accessibility respects reduced motion preferences","status":"failed","title":"respects reduced motion preferences","duration":3,"failureMessages":["Cannot read properties of undefined (reading 'python')"],"location":{"line":183,"column":42}},{"ancestorTitles":["","Accessibility Compliance Testing","Motion and Animation Accessibility"],"fullName":" Accessibility Compliance Testing Motion and Animation Accessibility provides animation controls when appropriate","status":"passed","title":"provides animation controls when appropriate","duration":13,"failureMessages":[]},{"ancestorTitles":["","Accessibility Compliance Testing","Form Accessibility"],"fullName":" Accessibility Compliance Testing Form Accessibility associates labels with form controls","status":"failed","title":"associates labels with form controls","duration":10,"failureMessages":["expect(element).toHaveAccessibleName()\n\nExpected element to have accessible name:\n  undefined\nReceived:\n"],"location":{"line":481,"column":25}},{"ancestorTitles":["","Accessibility Compliance Testing","Form Accessibility"],"fullName":" Accessibility Compliance Testing Form Accessibility provides helpful error messages","status":"passed","title":"provides helpful error messages","duration":4,"failureMessages":[]},{"ancestorTitles":["","Accessibility Compliance Testing","Form Accessibility"],"fullName":" Accessibility Compliance Testing Form Accessibility indicates required fields appropriately","status":"failed","title":"indicates required fields appropriately","duration":3,"failureMessages":["screen.queryAllByRequired is not a function"],"location":{"line":499,"column":37}},{"ancestorTitles":["","Accessibility Compliance Testing","Focus Management"],"fullName":" Accessibility Compliance Testing Focus Management manages focus appropriately during navigation","status":"passed","title":"manages focus appropriately during navigation","duration":9,"failureMessages":[]},{"ancestorTitles":["","Accessibility Compliance Testing","Focus Management"],"fullName":" Accessibility Compliance Testing Focus Management provides visible focus indicators","status":"passed","title":"provides visible focus indicators","duration":1,"failureMessages":[]},{"ancestorTitles":["","Accessibility Compliance Testing","Focus Management"],"fullName":" Accessibility Compliance Testing Focus Management maintains focus within modal dialogs","status":"passed","title":"maintains focus within modal dialogs","duration":0,"failureMessages":[]},{"ancestorTitles":["","Accessibility Compliance Testing","Responsive Accessibility"],"fullName":" Accessibility Compliance Testing Responsive Accessibility maintains accessibility across different viewport sizes","status":"passed","title":"maintains accessibility across different viewport sizes","duration":13,"failureMessages":[]},{"ancestorTitles":["","Accessibility Compliance Testing","Responsive Accessibility"],"fullName":" Accessibility Compliance Testing Responsive Accessibility provides adequate touch targets on mobile","status":"passed","title":"provides adequate touch targets on mobile","duration":1,"failureMessages":[]},{"ancestorTitles":["","Accessibility Compliance Testing","Accessibility Performance"],"fullName":" Accessibility Compliance Testing Accessibility Performance accessibility checks complete within performance budget","status":"passed","title":"accessibility checks complete within performance budget","duration":40,"failureMessages":[]},{"ancestorTitles":["","Accessibility Compliance Testing","Accessibility Performance"],"fullName":" Accessibility Compliance Testing Accessibility Performance maintains accessibility during high interaction periods","status":"passed","title":"maintains accessibility during high interaction periods","duration":32,"failureMessages":[]}],"startTime":1749248140046,"endTime":1749248140688,"status":"failed","message":"","name":"/home/noah/src/depyler/playground/src/__tests__/accessibility/compliance.test.tsx"},{"assertionResults":[{"ancestorTitles":["","CI Quality Gates Validation","Code Quality Gates"],"fullName":" CI Quality Gates Validation Code Quality Gates meets minimum test coverage requirements","status":"passed","title":"meets minimum test coverage requirements","duration":1,"failureMessages":[]},{"ancestorTitles":["","CI Quality Gates Validation","Code Quality Gates"],"fullName":" CI Quality Gates Validation Code Quality Gates validates PMAT score within acceptable range","status":"passed","title":"validates PMAT score within acceptable range","duration":0,"failureMessages":[]},{"ancestorTitles":["","CI Quality Gates Validation","Code Quality Gates"],"fullName":" CI Quality Gates Validation Code Quality Gates validates documentation coverage","status":"passed","title":"validates documentation coverage","duration":1,"failureMessages":[]},{"ancestorTitles":["","CI Quality Gates Validation","Security Gates"],"fullName":" CI Quality Gates Validation Security Gates has no security vulnerabilities","status":"passed","title":"has no security vulnerabilities","duration":0,"failureMessages":[]},{"ancestorTitles":["","CI Quality Gates Validation","Security Gates"],"fullName":" CI Quality Gates Validation Security Gates complies with license requirements","status":"passed","title":"complies with license requirements","duration":1,"failureMessages":[]},{"ancestorTitles":["","CI Quality Gates Validation","Performance Gates"],"fullName":" CI Quality Gates Validation Performance Gates meets WASM size budget","status":"passed","title":"meets WASM size budget","duration":0,"failureMessages":[]},{"ancestorTitles":["","CI Quality Gates Validation","Performance Gates"],"fullName":" CI Quality Gates Validation Performance Gates meets performance benchmarks","status":"passed","title":"meets performance benchmarks","duration":0,"failureMessages":[]},{"ancestorTitles":["","CI Quality Gates Validation","Accessibility Gates"],"fullName":" CI Quality Gates Validation Accessibility Gates meets WCAG compliance requirements","status":"passed","title":"meets WCAG compliance requirements","duration":0,"failureMessages":[]},{"ancestorTitles":["","CI Quality Gates Validation","Build Artifacts"],"fullName":" CI Quality Gates Validation Build Artifacts generates all required build artifacts","status":"passed","title":"generates all required build artifacts","duration":0,"failureMessages":[]},{"ancestorTitles":["","CI Quality Gates Validation","Overall Quality Report"],"fullName":" CI Quality Gates Validation Overall Quality Report generates comprehensive quality report","status":"passed","title":"generates comprehensive quality report","duration":0,"failureMessages":[]},{"ancestorTitles":["","CI Quality Gates Validation","Overall Quality Report"],"fullName":" CI Quality Gates Validation Overall Quality Report fails build when quality gates are not met","status":"passed","title":"fails build when quality gates are not met","duration":1,"failureMessages":[]},{"ancestorTitles":["","CI Quality Gates Validation","CI Environment Validation"],"fullName":" CI Quality Gates Validation CI Environment Validation runs in appropriate CI environment","status":"passed","title":"runs in appropriate CI environment","duration":0,"failureMessages":[]},{"ancestorTitles":["","CI Quality Gates Validation","CI Environment Validation"],"fullName":" CI Quality Gates Validation CI Environment Validation has required CI tools available","status":"passed","title":"has required CI tools available","duration":0,"failureMessages":[]},{"ancestorTitles":["","CI Quality Gates Validation","CI Environment Validation"],"fullName":" CI Quality Gates Validation CI Environment Validation validates environment configuration","status":"passed","title":"validates environment configuration","duration":0,"failureMessages":[]},{"ancestorTitles":["","CI Quality Gates Validation","Quality Monitoring"],"fullName":" CI Quality Gates Validation Quality Monitoring tracks quality metrics over time","status":"passed","title":"tracks quality metrics over time","duration":0,"failureMessages":[]},{"ancestorTitles":["","CI Quality Gates Validation","Quality Monitoring"],"fullName":" CI Quality Gates Validation Quality Monitoring alerts on quality regressions","status":"passed","title":"alerts on quality regressions","duration":1,"failureMessages":[]}],"startTime":1749248139916,"endTime":1749248139922,"status":"passed","message":"","name":"/home/noah/src/depyler/playground/src/__tests__/ci/quality-gates.test.ts"},{"assertionResults":[{"ancestorTitles":["","End-to-End Execution Verification","Semantic Equivalence Verification"],"fullName":" End-to-End Execution Verification Semantic Equivalence Verification verifies semantic equivalence for Simple Function","status":"passed","title":"verifies semantic equivalence for Simple Function","duration":0,"failureMessages":[]},{"ancestorTitles":["","End-to-End Execution Verification","Semantic Equivalence Verification"],"fullName":" End-to-End Execution Verification Semantic Equivalence Verification verifies semantic equivalence for List Processing","status":"passed","title":"verifies semantic equivalence for List Processing","duration":1,"failureMessages":[]},{"ancestorTitles":["","End-to-End Execution Verification","Semantic Equivalence Verification"],"fullName":" End-to-End Execution Verification Semantic Equivalence Verification verifies semantic equivalence for Conditional Logic","status":"passed","title":"verifies semantic equivalence for Conditional Logic","duration":0,"failureMessages":[]},{"ancestorTitles":["","End-to-End Execution Verification","Semantic Equivalence Verification"],"fullName":" End-to-End Execution Verification Semantic Equivalence Verification verifies semantic equivalence for String Operations","status":"passed","title":"verifies semantic equivalence for String Operations","duration":0,"failureMessages":[]},{"ancestorTitles":["","End-to-End Execution Verification","Semantic Equivalence Verification"],"fullName":" End-to-End Execution Verification Semantic Equivalence Verification verifies semantic equivalence for Error Handling","status":"passed","title":"verifies semantic equivalence for Error Handling","duration":0,"failureMessages":[]},{"ancestorTitles":["","End-to-End Execution Verification","Semantic Equivalence Verification"],"fullName":" End-to-End Execution Verification Semantic Equivalence Verification handles error cases consistently","status":"passed","title":"handles error cases consistently","duration":0,"failureMessages":[]},{"ancestorTitles":["","End-to-End Execution Verification","Performance Verification"],"fullName":" End-to-End Execution Verification Performance Verification demonstrates significant performance improvements","status":"passed","title":"demonstrates significant performance improvements","duration":1,"failureMessages":[]},{"ancestorTitles":["","End-to-End Execution Verification","Performance Verification"],"fullName":" End-to-End Execution Verification Performance Verification shows memory efficiency improvements","status":"passed","title":"shows memory efficiency improvements","duration":0,"failureMessages":[]},{"ancestorTitles":["","End-to-End Execution Verification","Performance Verification"],"fullName":" End-to-End Execution Verification Performance Verification maintains performance consistency across test runs","status":"passed","title":"maintains performance consistency across test runs","duration":0,"failureMessages":[]},{"ancestorTitles":["","End-to-End Execution Verification","Energy Efficiency Verification"],"fullName":" End-to-End Execution Verification Energy Efficiency Verification demonstrates significant energy savings","status":"passed","title":"demonstrates significant energy savings","duration":1,"failureMessages":[]},{"ancestorTitles":["","End-to-End Execution Verification","Energy Efficiency Verification"],"fullName":" End-to-End Execution Verification Energy Efficiency Verification provides accurate energy equivalent comparisons","status":"passed","title":"provides accurate energy equivalent comparisons","duration":0,"failureMessages":[]},{"ancestorTitles":["","End-to-End Execution Verification","Energy Efficiency Verification"],"fullName":" End-to-End Execution Verification Energy Efficiency Verification maintains high confidence in energy estimates","status":"passed","title":"maintains high confidence in energy estimates","duration":0,"failureMessages":[]},{"ancestorTitles":["","End-to-End Execution Verification","Error Handling Verification"],"fullName":" End-to-End Execution Verification Error Handling Verification handles transpilation errors gracefully","status":"passed","title":"handles transpilation errors gracefully","duration":0,"failureMessages":[]},{"ancestorTitles":["","End-to-End Execution Verification","Error Handling Verification"],"fullName":" End-to-End Execution Verification Error Handling Verification handles execution timeouts properly","status":"passed","title":"handles execution timeouts properly","duration":1,"failureMessages":[]},{"ancestorTitles":["","End-to-End Execution Verification","Error Handling Verification"],"fullName":" End-to-End Execution Verification Error Handling Verification recovers from worker crashes","status":"passed","title":"recovers from worker crashes","duration":0,"failureMessages":[]},{"ancestorTitles":["","End-to-End Execution Verification","Real-World Usage Patterns"],"fullName":" End-to-End Execution Verification Real-World Usage Patterns handles rapid code changes efficiently","status":"passed","title":"handles rapid code changes efficiently","duration":0,"failureMessages":[]},{"ancestorTitles":["","End-to-End Execution Verification","Real-World Usage Patterns"],"fullName":" End-to-End Execution Verification Real-World Usage Patterns scales with code complexity","status":"passed","title":"scales with code complexity","duration":0,"failureMessages":[]}],"startTime":1749248139959,"endTime":1749248139963,"status":"passed","message":"","name":"/home/noah/src/depyler/playground/src/__tests__/e2e/execution-verification.test.ts"},{"assertionResults":[{"ancestorTitles":["","Quality Scoring System Integration","PMAT Score Calculation"],"fullName":" Quality Scoring System Integration PMAT Score Calculation calculates scores for high-quality metrics","status":"failed","title":"calculates scores for high-quality metrics","duration":4,"failureMessages":["expected NaN to be greater than 0.8"],"location":{"line":205,"column":35}},{"ancestorTitles":["","Quality Scoring System Integration","PMAT Score Calculation"],"fullName":" Quality Scoring System Integration PMAT Score Calculation calculates scores for poor-quality metrics","status":"failed","title":"calculates scores for poor-quality metrics","duration":1,"failureMessages":["expected 0.7258605971504997 to be less than 0.5"],"location":{"line":232,"column":37}},{"ancestorTitles":["","Quality Scoring System Integration","PMAT Score Calculation"],"fullName":" Quality Scoring System Integration PMAT Score Calculation handles edge case metrics correctly","status":"failed","title":"handles edge case metrics correctly","duration":0,"failureMessages":["expected NaN to be greater than 0.8"],"location":{"line":260,"column":35}},{"ancestorTitles":["","Quality Scoring System Integration","Score Validation"],"fullName":" Quality Scoring System Integration Score Validation validates correct scores","status":"passed","title":"validates correct scores","duration":1,"failureMessages":[]},{"ancestorTitles":["","Quality Scoring System Integration","Score Validation"],"fullName":" Quality Scoring System Integration Score Validation detects out-of-bounds scores","status":"passed","title":"detects out-of-bounds scores","duration":0,"failureMessages":[]},{"ancestorTitles":["","Quality Scoring System Integration","Score Validation"],"fullName":" Quality Scoring System Integration Score Validation detects incorrect TDG calculation","status":"passed","title":"detects incorrect TDG calculation","duration":1,"failureMessages":[]},{"ancestorTitles":["","Quality Scoring System Integration","Score Validation"],"fullName":" Quality Scoring System Integration Score Validation detects NaN values","status":"passed","title":"detects NaN values","duration":0,"failureMessages":[]},{"ancestorTitles":["","Quality Scoring System Integration","Quality Grading"],"fullName":" Quality Scoring System Integration Quality Grading assigns correct grades based on TDG scores","status":"passed","title":"assigns correct grades based on TDG scores","duration":0,"failureMessages":[]},{"ancestorTitles":["","Quality Scoring System Integration","Mathematical Functions"],"fullName":" Quality Scoring System Integration Mathematical Functions sigmoid function behaves correctly","status":"passed","title":"sigmoid function behaves correctly","duration":0,"failureMessages":[]},{"ancestorTitles":["","Quality Scoring System Integration","Mathematical Functions"],"fullName":" Quality Scoring System Integration Mathematical Functions exponential decay function behaves correctly","status":"passed","title":"exponential decay function behaves correctly","duration":0,"failureMessages":[]},{"ancestorTitles":["","Quality Scoring System Integration","Performance Targets"],"fullName":" Quality Scoring System Integration Performance Targets meets transpilation speed targets","status":"failed","title":"meets transpilation speed targets","duration":1,"failureMessages":["expected 0.6200000000000001 to be greater than 0.7"],"location":{"line":389,"column":34}},{"ancestorTitles":["","Quality Scoring System Integration","Performance Targets"],"fullName":" Quality Scoring System Integration Performance Targets penalizes high complexity appropriately","status":"failed","title":"penalizes high complexity appropriately","duration":0,"failureMessages":["expected NaN to be less than NaN"],"location":{"line":424,"column":32}},{"ancestorTitles":["","Quality Scoring System Integration","Scoring Consistency"],"fullName":" Quality Scoring System Integration Scoring Consistency produces consistent scores for identical metrics","status":"passed","title":"produces consistent scores for identical metrics","duration":0,"failureMessages":[]},{"ancestorTitles":["","Quality Scoring System Integration","Scoring Consistency"],"fullName":" Quality Scoring System Integration Scoring Consistency shows monotonic behavior for key metrics","status":"failed","title":"shows monotonic behavior for key metrics","duration":1,"failureMessages":["expected NaN to be greater than NaN"],"location":{"line":475,"column":31}}],"startTime":1749248139959,"endTime":1749248139968,"status":"failed","message":"","name":"/home/noah/src/depyler/playground/src/__tests__/integration/quality-scoring.test.ts"},{"assertionResults":[{"ancestorTitles":["","Transpilation Flow Integration","Complete Transpilation Workflow"],"fullName":" Transpilation Flow Integration Complete Transpilation Workflow performs end-to-end transpilation successfully","status":"failed","title":"performs end-to-end transpilation successfully","duration":47,"failureMessages":["Found multiple elements by: [data-testid=\"monaco-editor\"]\n\nHere are the matching elements:\n\nIgnored nodes: comments, script, style\n\u001b[36m<textarea\u001b[39m\n  \u001b[33mdata-testid\u001b[39m=\u001b[32m\"monaco-editor\"\u001b[39m\n\u001b[36m>\u001b[39m\n  \u001b[0m# @depyler: optimize_energy=true\ndef calculate_fibonacci(n: int) -&gt; int:\n    \"\"\"Calculate the nth Fibonacci number efficiently.\"\"\"\n    if n &lt;= 1:\n        return n\n    \n    a, b = 0, 1\n    for i in range(2, n + 1):\n        a, b = b, a + b\n    \n    return b\n\n# Example usage\nresult = calculate_fibonacci(20)\nprint(f\"The 20th Fibonacci number is: {result}\")\u001b[0m\n\u001b[36m</textarea>\u001b[39m\n\nIgnored nodes: comments, script, style\n\u001b[36m<textarea\u001b[39m\n  \u001b[33mdata-testid\u001b[39m=\u001b[32m\"monaco-editor\"\u001b[39m\n\u001b[36m/>\u001b[39m\n\n(If this is intentional, then use the `*AllBy*` variant of the query (like `queryAllByText`, `getAllByText`, or `findAllByText`)).\n\nIgnored nodes: comments, script, style\n\u001b[36m<body>\u001b[39m\n  \u001b[36m<div>\u001b[39m\n    \u001b[36m<div\u001b[39m\n      \u001b[33mclass\u001b[39m=\u001b[32m\"min-h-screen bg-gray-50\"\u001b[39m\n      \u001b[33mdata-testid\u001b[39m=\u001b[32m\"playground-container\"\u001b[39m\n    \u001b[36m>\u001b[39m\n      \u001b[36m<header\u001b[39m\n        \u001b[33mclass\u001b[39m=\u001b[32m\"bg-white shadow-sm border-b\"\u001b[39m\n      \u001b[36m>\u001b[39m\n        \u001b[36m<div\u001b[39m\n          \u001b[33mclass\u001b[39m=\u001b[32m\"max-w-7xl mx-auto px-4 sm:px-6 lg:px-8 py-4\"\u001b[39m\n        \u001b[36m>\u001b[39m\n          \u001b[36m<div\u001b[39m\n            \u001b[33mclass\u001b[39m=\u001b[32m\"flex items-center justify-between\"\u001b[39m\n          \u001b[36m>\u001b[39m\n            \u001b[36m<div>\u001b[39m\n              \u001b[36m<h1\u001b[39m\n                \u001b[33mclass\u001b[39m=\u001b[32m\"text-2xl font-bold text-gray-900\"\u001b[39m\n              \u001b[36m>\u001b[39m\n                \u001b[0mDepyler Interactive Playground\u001b[0m\n              \u001b[36m</h1>\u001b[39m\n              \u001b[36m<p\u001b[39m\n                \u001b[33mclass\u001b[39m=\u001b[32m\"text-sm text-gray-600\"\u001b[39m\n              \u001b[36m>\u001b[39m\n                \u001b[0mPython-to-Rust transpiler with energy efficiency analysis\u001b[0m\n              \u001b[36m</p>\u001b[39m\n            \u001b[36m</div>\u001b[39m\n            \u001b[36m<button\u001b[39m\n              \u001b[33maria-busy\u001b[39m=\u001b[32m\"false\"\u001b[39m\n              \u001b[33mclass\u001b[39m=\u001b[32m\"\n        inline-flex items-center px-6 py-3 border border-transparent text-base font-medium rounded-md shadow-sm text-white\n        bg-blue-600 hover:bg-blue-700 focus:outline-none focus:ring-2 focus:ring-offset-2 focus:ring-blue-500\n        transition-colors duration-200\n      \"\u001b[39m\n              \u001b[33mtype\u001b[39m=\u001b[32m\"button\"\u001b[39m\n            \u001b[36m>\u001b[39m\n              \u001b[36m<div\u001b[39m\n                \u001b[33mclass\u001b[39m=\u001b[32m\"flex items-center space-x-2\"\u001b[39m\n              \u001b[36m>\u001b[39m\n                \u001b[36m<svg\u001b[39m\n                  \u001b[33mfill\u001b[39m=\u001b[32m\"currentColor\"\u001b[39m\n                  \u001b[33mheight\u001b[39m=\u001b[32m\"20\"\u001b[39m\n                  \u001b[33mviewBox\u001b[39m=\u001b[32m\"0 0 24 24\"\u001b[39m\n                  \u001b[33mwidth\u001b[39m=\u001b[32m\"20\"\u001b[39m\n                  \u001b[33mxmlns\u001b[39m=\u001b[32m\"http://www.w3.org/2000/svg\"\u001b[39m\n                \u001b[36m>\u001b[39m\n                  \u001b[36m<path\u001b[39m\n                    \u001b[33md\u001b[39m=\u001b[32m\"M8 5v14l11-7z\"\u001b[39m\n                  \u001b[36m/>\u001b[39m\n                \u001b[36m</svg>\u001b[39m\n                \u001b[36m<span>\u001b[39m\n                  \u001b[0mRun Comparison\u001b[0m\n                \u001b[36m</span>\u001b[39m\n              \u001b[36m</div>\u001b[39m\n            \u001b[36m</button>\u001b[39m\n          \u001b[36m</div>\u001b[39m\n        \u001b[36m</div>\u001b[39m\n      \u001b[36m</header>\u001b[39m\n      \u001b[36m<main\u001b[39m\n        \u001b[33mclass\u001b[39m=\u001b[32m\"max-w-7xl mx-auto px-4 sm:px-6 lg:px-8 py-6\"\u001b[39m\n      \u001b[36m>\u001b[39m\n        \u001b[36m<div\u001b[39m\n          \u001b[33mclass\u001b[39m=\u001b[32m\"grid grid-cols-1 lg:grid-cols-2 gap-6 mb-6\"\u001b[39m\n        \u001b[36m>\u001b[39m\n          \u001b[36m<div\u001b[39m\n            \u001b[33mclass\u001b[39m=\u001b[32m\"bg-white rounded-lg shadow-sm border\"\u001b[39m\n            \u001b[33mdata-testid\u001b[39m=\u001b[32m\"editor-panel\"\u001b[39m\n          \u001b[36m>\u001b[39m\n            \u001b[36m<div\u001b[39m\n              \u001b[33mclass\u001b[39m=\u001b[32m\"px-4 py-3 border-b bg-gray-50 rounded-t-lg\"\u001b[39m\n            \u001b[36m>\u001b[39m\n              \u001b[36m<h2\u001b[39m\n                \u001b[33mclass\u001b[39m=\u001b[32m\"text-lg font-semibold text-gray-900\"\u001b[39m\n              \u001b[36m>\u001b[39m\n                \u001b[0mPython Code\u001b[0m\n              \u001b[36m</h2>\u001b[39m\n              \u001b[36m<p\u001b[39m\n                \u001b[33mclass\u001b[39m=\u001b[32m\"text-sm text-gray-600\"\u001b[39m\n              \u001b[36m>\u001b[39m\n                \u001b[0mWrite Python code with @depyler annotations for optimization hints\u001b[0m\n              \u001b[36m</p>\u001b[39m\n            \u001b[36m</div>\u001b[39m\n            \u001b[36m<div\u001b[39m\n              \u001b[33mclass\u001b[39m=\u001b[32m\"p-4\"\u001b[39m\n            \u001b[36m>\u001b[39m\n              \u001b[36m<div\u001b[39m\n                \u001b[33mclass\u001b[39m=\u001b[32m\"relative\"\u001b[39m\n              \u001b[36m>\u001b[39m\n                \u001b[36m<textarea\u001b[39m\n                  \u001b[33mdata-testid\u001b[39m=\u001b[32m\"monaco-editor\"\u001b[39m\n                \u001b[36m>\u001b[39m\n                  \u001b[0m# @depyler: optimize_energy=true\ndef calculate_fibonacci(n: int) -&gt; int:\n    \"\"\"Calculate the nth Fibonacci number efficiently.\"\"\"\n    if n &lt;= 1:\n        return n\n    \n    a, b = 0, 1\n    for i in range(2, n + 1):\n        a, b = b, a + b\n    \n    return b\n\n# Example usage\nresult = calculate_fibonacci(20)\nprint(f\"The 20th Fibonacci number is: {result}\")\u001b[0m\n                \u001b[36m</textarea>\u001b[39m\n              \u001b[36m</div>\u001b[39m\n            \u001b[36m</div>\u001b[39m\n          \u001b[36m</div>\u001b[39m\n          \u001b[36m<div\u001b[39m\n            \u001b[33mclass\u001b[39m=\u001b[32m\"bg-white rounded-lg shadow-sm border\"\u001b[39m\n            \u001b[33mdata-testid\u001b[39m=\u001b[32m\"results-panel\"\u001b[39m\n          \u001b[36m>\u001b[39m\n            \u001b[36m<div\u001b[39m\n              \u001b[33mclass\u001b[39m=\u001b[32m\"px-4 py-3 border-b bg-gray-50 rounded-t-lg\"\u001b[39m\n            \u001b[36m>\u001b[39m\n              \u001b[36m<h2\u001b[39m\n                \u001b[33mclass\u001b[39m=\u001b[32m\"text-lg font-semibold text-gray-900\"\u001b[39m\n              \u001b[36m>\u001b[39m\n                \u001b[0mGenerated Rust\u001b[0m\n              \u001b[36m</h2>\u001b[39m\n              \u001b[36m<p\u001b[39m\n                \u001b[33mclass\u001b[39m=\u001b[32m\"text-sm text-gray-600\"\u001b[39m\n              \u001b[36m>\u001b[39m\n                \u001b[0mAutomatically transpiled Rust code with safety guarantees\u001b[0m\n              \u001b[36m</p>\u001b[39m\n            \u001b[36m</div>\u001b[39m\n            \u001b[36m<div\u001b[39m\n              \u001b[33mclass\u001b[39m=\u001b[32m\"p-4\"\u001b[39m\n            \u001b[36m>\u001b[39m\n              \u001b[36m<div\u001b[39m\n                \u001b[33mclass\u001b[39m=\u001b[32m\"relative\"\u001b[39m\n              \u001b[36m>\u001b[39m\n                \u001b[36m<textarea\u001b[39m\n                  \u001b[33mdata-testid\u001b[39m=\u001b[32m\"monaco-editor\"\u001b[39m\n                \u001b[36m/>\u001b[39m\n              \u001b[36m</div>\u001b[39m\n            \u001b[36m</div>\u001b[39m\n          \u001b[36m</div>\u001b[39m\n        \u001b[36m</div>\u001b[39m\n        \u001b[36m<div\u001b[39m\n          \u001b[33mclass\u001b[39m=\u001b[32m\"bg-white rounded-lg shadow-sm border\"\u001b[39m\n        \u001b[36m>\u001b[39m\n          \u001b[36m<div\u001b[39m\n            \u001b[33mclass\u001b[39m=\u001b[32m\"border-b border-gray-200\"\u001b[39m\n          \u001b[36m>\u001b[39m\n            \u001b[36m<nav\u001b[39m\n              \u001b[33maria-label\u001b[39m=\u001b[32m\"Tabs\"\u001b[39m\n              \u001b[33mclass\u001b[39m=\u001b[32m\"flex space-x-8 px-6\"\u001b[39m\n            \u001b[36m>\u001b[39m\n              \u001b[36m<button\u001b[39m\n                \u001b[33mclass\u001b[39m=\u001b[32m\"\n                py-4 px-1 border-b-2 font-medium text-sm transition-colors duration-200\n                border-blue-500 text-blue-600\n              \"\u001b[39m\n              \u001b[36m>\u001b[39m\n                \u001b[36m<span\u001b[39m\n                  \u001b[33mclass\u001b[39m=\u001b[32m\"mr-2\"\u001b[39m\n                \u001b[36m>\u001b[39m\n                  \u001b[0m📄\u001b[0m\n                \u001b[36m</span>\u001b[39m\n                \u001b[0mOutput\u001b[0m\n              \u001b[36m</button>\u001b[39m\n              \u001b[36m<button\u001b[39m\n                \u001b[33mclass\u001b[39m=\u001b[32m\"\n                py-4 px-1 border-b-2 font-medium text-sm transition-colors duration-200\n                border-transparent text-gray-500 hover:text-gray-700 hover:border-gray-300\n              \"\u001b[39m\n              \u001b[36m>\u001b[39m\n                \u001b[36m<span\u001b[39m\n                  \u001b[33mclass\u001b[39m=\u001b[32m\"mr-2\"\u001b[39m\n                \u001b[36m>\u001b[39m\n                  \u001b[0m⚡\u001b[0m\n                \u001b[36m</span>\u001b[39m\n                \u001b[0mPerformance\u001b[0m\n              \u001b[36m</button>\u001b[39m\n              \u001b[36m<button\u001b[39m\n                \u001b[33mclass\u001b[39m=\u001b[32m\"\n                py-4 px-1 border-b-2 font-medium text-sm transition-colors duration-200\n                border-transparent text-gray-500 hover:text-gray-700 hover:border-gray-300\n              \"\u001b[39m\n              \u001b[36m>\u001b[39m\n                \u001b[36m<span\u001b[39m\n                  \u001b[33mclass\u001b[39m=\u001b[32m\"mr-2\"\u001b[39m\n                \u001b[36m>\u001b[39m\n                  \u001b[0m🔋\u001b[0m\n                \u001b[36m</span>\u001b[39m\n                \u001b[0mEnergy\u001b[0m\n              \u001b[36m</button>\u001b[39m\n              \u001b[36m<button\u001b[39m\n                \u001b[33mclass\u001b[39m=\u001b[32m\"\n                py-4 px-1 border-b-2 font-medium text-sm transition-colors duration-200\n                border-transparent text-gray-500 hover:text-gray-700 hover:border-gray-300\n              \"\u001b[39m\n              \u001b[36m>\u001b[39m\n                \u001b[36m<span\u001b[39m\n                  \u001b[33mclass\u001b[39m=\u001b[32m\"mr-2\"\u001b[39m\n                \u001b[36m>\u001b[39m\n                  \u001b[0m🔍\u001b[0m\n                \u001b[36m</span>\u001b[39m\n                \u001b[0mDeep Dive\u001b[0m\n              \u001b[36m</button>\u001b[39m\n            \u001b[36m</nav>\u001b[39m\n          \u001b[36m</div>\u001b[39m\n          \u001b[36m<div\u001b[39m\n            \u001b[33mclass\u001b[39m=\u001b[32m\"p-6\"\u001b[39m\n          \u001b[36m>\u001b[39m\n            \u001b[36m<div\u001b[39m\n              \u001b[33mclass\u001b[39m=\u001b[32m\"text-center py-12\"\u001b[39m\n            \u001b[36m>\u001b[39m\n              \u001b[36m<div\u001b[39m\n                \u001b[33mclass\u001b[39m=\u001b[32m\"w-16 h-16 mx-auto mb-4 bg-gray-100 rounded-full flex items-center justify-center\"\u001b[39m\n              \u001b[36m>\u001b[39m\n                \u001b[36m<svg\u001b[39m\n                  \u001b[33mclass\u001b[39m=\u001b[32m\"w-8 h-8 text-gray-400\"\u001b[39m\n                  \u001b[33mfill\u001b[39m=\u001b[32m\"none\"\u001b[39m\n                  \u001b[33mstroke\u001b[39m=\u001b[32m\"currentColor\"\u001b[39m\n                  \u001b[33mviewBox\u001b[39m=\u001b[32m\"0 0 24 24\"\u001b[39m\n                \u001b[36m>\u001b[39m\n                  \u001b[36m<path\u001b[39m\n                    \u001b[33md\u001b[39m=\u001b[32m\"M9 12h6m-6 4h6m2 5H7a2 2 0 01-2-2V5a2 2 0 012-2h5.586a1 1 0 01.707.293l5.414 5.414a1 1 0 01.293.707V19a2 2 0 01-2 2z\"\u001b[39m\n                    \u001b[33mstroke-linecap\u001b[39m=\u001b[32m\"round\"\u001b[39m\n                    \u001b[33mstroke-linejoin\u001b[39m=\u001b[32m\"round\"\u001b[39m\n                    \u001b[33mstroke-width\u001b[39m=\u001b[32m\"2\"\u001b[39m\n                  \u001b[36m/>\u001b[39m\n                \u001b[36m</svg>\u001b[39m\n              \u001b[36m</div>\u001b[39m\n              \u001b[36m<p\u001b[39m\n                \u001b[33mclass\u001b[39m=\u001b[32m\"text-gray-500\"\u001b[39m\n              \u001b[36m>\u001b[39m\n                \u001b[0mRun your code to see the output comparison\u001b[0m\n              \u001b[36m</p>\u001b[39m\n            \u001b[36m</div>\u001b[39m\n          \u001b[36m</div>\u001b[39m\n        \u001b[36m</div>\u001b[39m\n      \u001b[36m</main>\u001b[39m\n      \u001b[36m<footer\u001b[39m\n        \u001b[33mclass\u001b[39m=\u001b[32m\"bg-white border-t mt-12\"\u001b[39m\n      \u001b[36m>\u001b[39m\n        \u001b[36m<div\u001b[39m\n          \u001b[33mclass\u001b[39m=\u001b[32m\"max-w-7xl mx-auto px-4 sm:px-6 lg:px-8 py-6\"\u001b[39m\n        \u001b[36m>\u001b[39m\n          \u001b[36m<div\u001b[39m\n            \u001b[33mclass\u001b[39m=\u001b[32m\"flex items-center justify-between text-sm text-gray-600\"\u001b[39m\n          \u001b[36m>\u001b[39m\n            \u001b[36m<div>\u001b[39m\n              \u001b[36m<p>\u001b[39m\n                \u001b[0mPowered by \u001b[0m\n                \u001b[36m<strong>\u001b[39m\n                  \u001b[0mDepyler\u001b[0m\n                \u001b[36m</strong>\u001b[39m\n                \u001b[0m - Zero-configuration Python to Rust transpiler\u001b[0m\n              \u001b[36m</p>\u001b[39m\n            \u001b[36m</div>\u001b[39m\n            \u001b[36m<div\u001b[39m\n              \u001b[33mclass\u001b[39m=\u001b[32m\"flex space-x-4\"\u001b[39m\n            \u001b[36m>\u001b[39m\n              \u001b[36m<a\u001b[39m\n                \u001b[33mclass\u001b[39m=\u001b[32m\"hover:text-gray-900\"\u001b[39m\n                \u001b[33mhref\u001b[39m=\u001b[32m\"https://github.com/paiml/depyler\"\u001b[39m\n                \u001b[33mrel\u001b[39m=\u001b[32m\"noopener noreferrer\"\u001b[39m\n                \u001b[33mtarget\u001b[39m=\u001b[32m\"_blank\"\u001b[39m\n              \u001b[36m>\u001b[39m\n                \u001b[0mGitHub\u001b[0m\n              \u001b[36m</a>\u001b[39m\n              \u001b[36m<a\u001b[39m\n                \u001b[33mclass\u001b[39m=\u001b[32m\"hover:text-gray-900\"\u001b[39m\n                \u001b[33mhref\u001b[39m=\u001b[32m\"/docs\"\u001b[39m\n              \u001b[36m>\u001b[39m\n                \u001b[0mDocumentation\u001b[0m\n              \u001b[36m</a>\u001b[39m\n            \u001b[36m</div>\u001b[39m\n          \u001b[36m</div>\u001b[39m\n        \u001b[36m</div>\u001b[39m\n      \u001b[36m</footer>\u001b[39m\n    \u001b[36m</div>\u001b[39m\n  \u001b[36m</div>\u001b[39m\n\u001b[36m</body>\u001b[39m"],"location":{"line":37,"column":19}},{"ancestorTitles":["","Transpilation Flow Integration","Complete Transpilation Workflow"],"fullName":" Transpilation Flow Integration Complete Transpilation Workflow shows transpilation progress indicators","status":"failed","title":"shows transpilation progress indicators","duration":9,"failureMessages":["Found multiple elements by: [data-testid=\"monaco-editor\"]\n\nHere are the matching elements:\n\nIgnored nodes: comments, script, style\n\u001b[36m<textarea\u001b[39m\n  \u001b[33mdata-testid\u001b[39m=\u001b[32m\"monaco-editor\"\u001b[39m\n\u001b[36m>\u001b[39m\n  \u001b[0m# @depyler: optimize_energy=true\ndef calculate_fibonacci(n: int) -&gt; int:\n    \"\"\"Calculate the nth Fibonacci number efficiently.\"\"\"\n    if n &lt;= 1:\n        return n\n    \n    a, b = 0, 1\n    for i in range(2, n + 1):\n        a, b = b, a + b\n    \n    return b\n\n# Example usage\nresult = calculate_fibonacci(20)\nprint(f\"The 20th Fibonacci number is: {result}\")\u001b[0m\n\u001b[36m</textarea>\u001b[39m\n\nIgnored nodes: comments, script, style\n\u001b[36m<textarea\u001b[39m\n  \u001b[33mdata-testid\u001b[39m=\u001b[32m\"monaco-editor\"\u001b[39m\n\u001b[36m/>\u001b[39m\n\n(If this is intentional, then use the `*AllBy*` variant of the query (like `queryAllByText`, `getAllByText`, or `findAllByText`)).\n\nIgnored nodes: comments, script, style\n\u001b[36m<body>\u001b[39m\n  \u001b[36m<div>\u001b[39m\n    \u001b[36m<div\u001b[39m\n      \u001b[33mclass\u001b[39m=\u001b[32m\"min-h-screen bg-gray-50\"\u001b[39m\n      \u001b[33mdata-testid\u001b[39m=\u001b[32m\"playground-container\"\u001b[39m\n    \u001b[36m>\u001b[39m\n      \u001b[36m<header\u001b[39m\n        \u001b[33mclass\u001b[39m=\u001b[32m\"bg-white shadow-sm border-b\"\u001b[39m\n      \u001b[36m>\u001b[39m\n        \u001b[36m<div\u001b[39m\n          \u001b[33mclass\u001b[39m=\u001b[32m\"max-w-7xl mx-auto px-4 sm:px-6 lg:px-8 py-4\"\u001b[39m\n        \u001b[36m>\u001b[39m\n          \u001b[36m<div\u001b[39m\n            \u001b[33mclass\u001b[39m=\u001b[32m\"flex items-center justify-between\"\u001b[39m\n          \u001b[36m>\u001b[39m\n            \u001b[36m<div>\u001b[39m\n              \u001b[36m<h1\u001b[39m\n                \u001b[33mclass\u001b[39m=\u001b[32m\"text-2xl font-bold text-gray-900\"\u001b[39m\n              \u001b[36m>\u001b[39m\n                \u001b[0mDepyler Interactive Playground\u001b[0m\n              \u001b[36m</h1>\u001b[39m\n              \u001b[36m<p\u001b[39m\n                \u001b[33mclass\u001b[39m=\u001b[32m\"text-sm text-gray-600\"\u001b[39m\n              \u001b[36m>\u001b[39m\n                \u001b[0mPython-to-Rust transpiler with energy efficiency analysis\u001b[0m\n              \u001b[36m</p>\u001b[39m\n            \u001b[36m</div>\u001b[39m\n            \u001b[36m<button\u001b[39m\n              \u001b[33maria-busy\u001b[39m=\u001b[32m\"false\"\u001b[39m\n              \u001b[33mclass\u001b[39m=\u001b[32m\"\n        inline-flex items-center px-6 py-3 border border-transparent text-base font-medium rounded-md shadow-sm text-white\n        bg-blue-600 hover:bg-blue-700 focus:outline-none focus:ring-2 focus:ring-offset-2 focus:ring-blue-500\n        transition-colors duration-200\n      \"\u001b[39m\n              \u001b[33mtype\u001b[39m=\u001b[32m\"button\"\u001b[39m\n            \u001b[36m>\u001b[39m\n              \u001b[36m<div\u001b[39m\n                \u001b[33mclass\u001b[39m=\u001b[32m\"flex items-center space-x-2\"\u001b[39m\n              \u001b[36m>\u001b[39m\n                \u001b[36m<svg\u001b[39m\n                  \u001b[33mfill\u001b[39m=\u001b[32m\"currentColor\"\u001b[39m\n                  \u001b[33mheight\u001b[39m=\u001b[32m\"20\"\u001b[39m\n                  \u001b[33mviewBox\u001b[39m=\u001b[32m\"0 0 24 24\"\u001b[39m\n                  \u001b[33mwidth\u001b[39m=\u001b[32m\"20\"\u001b[39m\n                  \u001b[33mxmlns\u001b[39m=\u001b[32m\"http://www.w3.org/2000/svg\"\u001b[39m\n                \u001b[36m>\u001b[39m\n                  \u001b[36m<path\u001b[39m\n                    \u001b[33md\u001b[39m=\u001b[32m\"M8 5v14l11-7z\"\u001b[39m\n                  \u001b[36m/>\u001b[39m\n                \u001b[36m</svg>\u001b[39m\n                \u001b[36m<span>\u001b[39m\n                  \u001b[0mRun Comparison\u001b[0m\n                \u001b[36m</span>\u001b[39m\n              \u001b[36m</div>\u001b[39m\n            \u001b[36m</button>\u001b[39m\n          \u001b[36m</div>\u001b[39m\n        \u001b[36m</div>\u001b[39m\n      \u001b[36m</header>\u001b[39m\n      \u001b[36m<main\u001b[39m\n        \u001b[33mclass\u001b[39m=\u001b[32m\"max-w-7xl mx-auto px-4 sm:px-6 lg:px-8 py-6\"\u001b[39m\n      \u001b[36m>\u001b[39m\n        \u001b[36m<div\u001b[39m\n          \u001b[33mclass\u001b[39m=\u001b[32m\"grid grid-cols-1 lg:grid-cols-2 gap-6 mb-6\"\u001b[39m\n        \u001b[36m>\u001b[39m\n          \u001b[36m<div\u001b[39m\n            \u001b[33mclass\u001b[39m=\u001b[32m\"bg-white rounded-lg shadow-sm border\"\u001b[39m\n            \u001b[33mdata-testid\u001b[39m=\u001b[32m\"editor-panel\"\u001b[39m\n          \u001b[36m>\u001b[39m\n            \u001b[36m<div\u001b[39m\n              \u001b[33mclass\u001b[39m=\u001b[32m\"px-4 py-3 border-b bg-gray-50 rounded-t-lg\"\u001b[39m\n            \u001b[36m>\u001b[39m\n              \u001b[36m<h2\u001b[39m\n                \u001b[33mclass\u001b[39m=\u001b[32m\"text-lg font-semibold text-gray-900\"\u001b[39m\n              \u001b[36m>\u001b[39m\n                \u001b[0mPython Code\u001b[0m\n              \u001b[36m</h2>\u001b[39m\n              \u001b[36m<p\u001b[39m\n                \u001b[33mclass\u001b[39m=\u001b[32m\"text-sm text-gray-600\"\u001b[39m\n              \u001b[36m>\u001b[39m\n                \u001b[0mWrite Python code with @depyler annotations for optimization hints\u001b[0m\n              \u001b[36m</p>\u001b[39m\n            \u001b[36m</div>\u001b[39m\n            \u001b[36m<div\u001b[39m\n              \u001b[33mclass\u001b[39m=\u001b[32m\"p-4\"\u001b[39m\n            \u001b[36m>\u001b[39m\n              \u001b[36m<div\u001b[39m\n                \u001b[33mclass\u001b[39m=\u001b[32m\"relative\"\u001b[39m\n              \u001b[36m>\u001b[39m\n                \u001b[36m<textarea\u001b[39m\n                  \u001b[33mdata-testid\u001b[39m=\u001b[32m\"monaco-editor\"\u001b[39m\n                \u001b[36m>\u001b[39m\n                  \u001b[0m# @depyler: optimize_energy=true\ndef calculate_fibonacci(n: int) -&gt; int:\n    \"\"\"Calculate the nth Fibonacci number efficiently.\"\"\"\n    if n &lt;= 1:\n        return n\n    \n    a, b = 0, 1\n    for i in range(2, n + 1):\n        a, b = b, a + b\n    \n    return b\n\n# Example usage\nresult = calculate_fibonacci(20)\nprint(f\"The 20th Fibonacci number is: {result}\")\u001b[0m\n                \u001b[36m</textarea>\u001b[39m\n              \u001b[36m</div>\u001b[39m\n            \u001b[36m</div>\u001b[39m\n          \u001b[36m</div>\u001b[39m\n          \u001b[36m<div\u001b[39m\n            \u001b[33mclass\u001b[39m=\u001b[32m\"bg-white rounded-lg shadow-sm border\"\u001b[39m\n            \u001b[33mdata-testid\u001b[39m=\u001b[32m\"results-panel\"\u001b[39m\n          \u001b[36m>\u001b[39m\n            \u001b[36m<div\u001b[39m\n              \u001b[33mclass\u001b[39m=\u001b[32m\"px-4 py-3 border-b bg-gray-50 rounded-t-lg\"\u001b[39m\n            \u001b[36m>\u001b[39m\n              \u001b[36m<h2\u001b[39m\n                \u001b[33mclass\u001b[39m=\u001b[32m\"text-lg font-semibold text-gray-900\"\u001b[39m\n              \u001b[36m>\u001b[39m\n                \u001b[0mGenerated Rust\u001b[0m\n              \u001b[36m</h2>\u001b[39m\n              \u001b[36m<p\u001b[39m\n                \u001b[33mclass\u001b[39m=\u001b[32m\"text-sm text-gray-600\"\u001b[39m\n              \u001b[36m>\u001b[39m\n                \u001b[0mAutomatically transpiled Rust code with safety guarantees\u001b[0m\n              \u001b[36m</p>\u001b[39m\n            \u001b[36m</div>\u001b[39m\n            \u001b[36m<div\u001b[39m\n              \u001b[33mclass\u001b[39m=\u001b[32m\"p-4\"\u001b[39m\n            \u001b[36m>\u001b[39m\n              \u001b[36m<div\u001b[39m\n                \u001b[33mclass\u001b[39m=\u001b[32m\"relative\"\u001b[39m\n              \u001b[36m>\u001b[39m\n                \u001b[36m<textarea\u001b[39m\n                  \u001b[33mdata-testid\u001b[39m=\u001b[32m\"monaco-editor\"\u001b[39m\n                \u001b[36m/>\u001b[39m\n              \u001b[36m</div>\u001b[39m\n            \u001b[36m</div>\u001b[39m\n          \u001b[36m</div>\u001b[39m\n        \u001b[36m</div>\u001b[39m\n        \u001b[36m<div\u001b[39m\n          \u001b[33mclass\u001b[39m=\u001b[32m\"bg-white rounded-lg shadow-sm border\"\u001b[39m\n        \u001b[36m>\u001b[39m\n          \u001b[36m<div\u001b[39m\n            \u001b[33mclass\u001b[39m=\u001b[32m\"border-b border-gray-200\"\u001b[39m\n          \u001b[36m>\u001b[39m\n            \u001b[36m<nav\u001b[39m\n              \u001b[33maria-label\u001b[39m=\u001b[32m\"Tabs\"\u001b[39m\n              \u001b[33mclass\u001b[39m=\u001b[32m\"flex space-x-8 px-6\"\u001b[39m\n            \u001b[36m>\u001b[39m\n              \u001b[36m<button\u001b[39m\n                \u001b[33mclass\u001b[39m=\u001b[32m\"\n                py-4 px-1 border-b-2 font-medium text-sm transition-colors duration-200\n                border-blue-500 text-blue-600\n              \"\u001b[39m\n              \u001b[36m>\u001b[39m\n                \u001b[36m<span\u001b[39m\n                  \u001b[33mclass\u001b[39m=\u001b[32m\"mr-2\"\u001b[39m\n                \u001b[36m>\u001b[39m\n                  \u001b[0m📄\u001b[0m\n                \u001b[36m</span>\u001b[39m\n                \u001b[0mOutput\u001b[0m\n              \u001b[36m</button>\u001b[39m\n              \u001b[36m<button\u001b[39m\n                \u001b[33mclass\u001b[39m=\u001b[32m\"\n                py-4 px-1 border-b-2 font-medium text-sm transition-colors duration-200\n                border-transparent text-gray-500 hover:text-gray-700 hover:border-gray-300\n              \"\u001b[39m\n              \u001b[36m>\u001b[39m\n                \u001b[36m<span\u001b[39m\n                  \u001b[33mclass\u001b[39m=\u001b[32m\"mr-2\"\u001b[39m\n                \u001b[36m>\u001b[39m\n                  \u001b[0m⚡\u001b[0m\n                \u001b[36m</span>\u001b[39m\n                \u001b[0mPerformance\u001b[0m\n              \u001b[36m</button>\u001b[39m\n              \u001b[36m<button\u001b[39m\n                \u001b[33mclass\u001b[39m=\u001b[32m\"\n                py-4 px-1 border-b-2 font-medium text-sm transition-colors duration-200\n                border-transparent text-gray-500 hover:text-gray-700 hover:border-gray-300\n              \"\u001b[39m\n              \u001b[36m>\u001b[39m\n                \u001b[36m<span\u001b[39m\n                  \u001b[33mclass\u001b[39m=\u001b[32m\"mr-2\"\u001b[39m\n                \u001b[36m>\u001b[39m\n                  \u001b[0m🔋\u001b[0m\n                \u001b[36m</span>\u001b[39m\n                \u001b[0mEnergy\u001b[0m\n              \u001b[36m</button>\u001b[39m\n              \u001b[36m<button\u001b[39m\n                \u001b[33mclass\u001b[39m=\u001b[32m\"\n                py-4 px-1 border-b-2 font-medium text-sm transition-colors duration-200\n                border-transparent text-gray-500 hover:text-gray-700 hover:border-gray-300\n              \"\u001b[39m\n              \u001b[36m>\u001b[39m\n                \u001b[36m<span\u001b[39m\n                  \u001b[33mclass\u001b[39m=\u001b[32m\"mr-2\"\u001b[39m\n                \u001b[36m>\u001b[39m\n                  \u001b[0m🔍\u001b[0m\n                \u001b[36m</span>\u001b[39m\n                \u001b[0mDeep Dive\u001b[0m\n              \u001b[36m</button>\u001b[39m\n            \u001b[36m</nav>\u001b[39m\n          \u001b[36m</div>\u001b[39m\n          \u001b[36m<div\u001b[39m\n            \u001b[33mclass\u001b[39m=\u001b[32m\"p-6\"\u001b[39m\n          \u001b[36m>\u001b[39m\n            \u001b[36m<div\u001b[39m\n              \u001b[33mclass\u001b[39m=\u001b[32m\"text-center py-12\"\u001b[39m\n            \u001b[36m>\u001b[39m\n              \u001b[36m<div\u001b[39m\n                \u001b[33mclass\u001b[39m=\u001b[32m\"w-16 h-16 mx-auto mb-4 bg-gray-100 rounded-full flex items-center justify-center\"\u001b[39m\n              \u001b[36m>\u001b[39m\n                \u001b[36m<svg\u001b[39m\n                  \u001b[33mclass\u001b[39m=\u001b[32m\"w-8 h-8 text-gray-400\"\u001b[39m\n                  \u001b[33mfill\u001b[39m=\u001b[32m\"none\"\u001b[39m\n                  \u001b[33mstroke\u001b[39m=\u001b[32m\"currentColor\"\u001b[39m\n                  \u001b[33mviewBox\u001b[39m=\u001b[32m\"0 0 24 24\"\u001b[39m\n                \u001b[36m>\u001b[39m\n                  \u001b[36m<path\u001b[39m\n                    \u001b[33md\u001b[39m=\u001b[32m\"M9 12h6m-6 4h6m2 5H7a2 2 0 01-2-2V5a2 2 0 012-2h5.586a1 1 0 01.707.293l5.414 5.414a1 1 0 01.293.707V19a2 2 0 01-2 2z\"\u001b[39m\n                    \u001b[33mstroke-linecap\u001b[39m=\u001b[32m\"round\"\u001b[39m\n                    \u001b[33mstroke-linejoin\u001b[39m=\u001b[32m\"round\"\u001b[39m\n                    \u001b[33mstroke-width\u001b[39m=\u001b[32m\"2\"\u001b[39m\n                  \u001b[36m/>\u001b[39m\n                \u001b[36m</svg>\u001b[39m\n              \u001b[36m</div>\u001b[39m\n              \u001b[36m<p\u001b[39m\n                \u001b[33mclass\u001b[39m=\u001b[32m\"text-gray-500\"\u001b[39m\n              \u001b[36m>\u001b[39m\n                \u001b[0mRun your code to see the output comparison\u001b[0m\n              \u001b[36m</p>\u001b[39m\n            \u001b[36m</div>\u001b[39m\n          \u001b[36m</div>\u001b[39m\n        \u001b[36m</div>\u001b[39m\n      \u001b[36m</main>\u001b[39m\n      \u001b[36m<footer\u001b[39m\n        \u001b[33mclass\u001b[39m=\u001b[32m\"bg-white border-t mt-12\"\u001b[39m\n      \u001b[36m>\u001b[39m\n        \u001b[36m<div\u001b[39m\n          \u001b[33mclass\u001b[39m=\u001b[32m\"max-w-7xl mx-auto px-4 sm:px-6 lg:px-8 py-6\"\u001b[39m\n        \u001b[36m>\u001b[39m\n          \u001b[36m<div\u001b[39m\n            \u001b[33mclass\u001b[39m=\u001b[32m\"flex items-center justify-between text-sm text-gray-600\"\u001b[39m\n          \u001b[36m>\u001b[39m\n            \u001b[36m<div>\u001b[39m\n              \u001b[36m<p>\u001b[39m\n                \u001b[0mPowered by \u001b[0m\n                \u001b[36m<strong>\u001b[39m\n                  \u001b[0mDepyler\u001b[0m\n                \u001b[36m</strong>\u001b[39m\n                \u001b[0m - Zero-configuration Python to Rust transpiler\u001b[0m\n              \u001b[36m</p>\u001b[39m\n            \u001b[36m</div>\u001b[39m\n            \u001b[36m<div\u001b[39m\n              \u001b[33mclass\u001b[39m=\u001b[32m\"flex space-x-4\"\u001b[39m\n            \u001b[36m>\u001b[39m\n              \u001b[36m<a\u001b[39m\n                \u001b[33mclass\u001b[39m=\u001b[32m\"hover:text-gray-900\"\u001b[39m\n                \u001b[33mhref\u001b[39m=\u001b[32m\"https://github.com/paiml/depyler\"\u001b[39m\n                \u001b[33mrel\u001b[39m=\u001b[32m\"noopener noreferrer\"\u001b[39m\n                \u001b[33mtarget\u001b[39m=\u001b[32m\"_blank\"\u001b[39m\n              \u001b[36m>\u001b[39m\n                \u001b[0mGitHub\u001b[0m\n              \u001b[36m</a>\u001b[39m\n              \u001b[36m<a\u001b[39m\n                \u001b[33mclass\u001b[39m=\u001b[32m\"hover:text-gray-900\"\u001b[39m\n                \u001b[33mhref\u001b[39m=\u001b[32m\"/docs\"\u001b[39m\n              \u001b[36m>\u001b[39m\n                \u001b[0mDocumentation\u001b[0m\n              \u001b[36m</a>\u001b[39m\n            \u001b[36m</div>\u001b[39m\n          \u001b[36m</div>\u001b[39m\n        \u001b[36m</div>\u001b[39m\n      \u001b[36m</footer>\u001b[39m\n    \u001b[36m</div>\u001b[39m\n  \u001b[36m</div>\u001b[39m\n\u001b[36m</body>\u001b[39m"],"location":{"line":37,"column":19}},{"ancestorTitles":["","Transpilation Flow Integration","Complete Transpilation Workflow"],"fullName":" Transpilation Flow Integration Complete Transpilation Workflow handles transpilation errors gracefully","status":"failed","title":"handles transpilation errors gracefully","duration":51,"failureMessages":["Found multiple elements by: [data-testid=\"monaco-editor\"]\n\nHere are the matching elements:\n\nIgnored nodes: comments, script, style\n\u001b[36m<textarea\u001b[39m\n  \u001b[33mdata-testid\u001b[39m=\u001b[32m\"monaco-editor\"\u001b[39m\n\u001b[36m>\u001b[39m\n  \u001b[0m# @depyler: optimize_energy=true\ndef calculate_fibonacci(n: int) -&gt; int:\n    \"\"\"Calculate the nth Fibonacci number efficiently.\"\"\"\n    if n &lt;= 1:\n        return n\n    \n    a, b = 0, 1\n    for i in range(2, n + 1):\n        a, b = b, a + b\n    \n    return b\n\n# Example usage\nresult = calculate_fibonacci(20)\nprint(f\"The 20th Fibonacci number is: {result}\")\u001b[0m\n\u001b[36m</textarea>\u001b[39m\n\nIgnored nodes: comments, script, style\n\u001b[36m<textarea\u001b[39m\n  \u001b[33mdata-testid\u001b[39m=\u001b[32m\"monaco-editor\"\u001b[39m\n\u001b[36m/>\u001b[39m\n\n(If this is intentional, then use the `*AllBy*` variant of the query (like `queryAllByText`, `getAllByText`, or `findAllByText`)).\n\nIgnored nodes: comments, script, style\n\u001b[36m<body>\u001b[39m\n  \u001b[36m<div>\u001b[39m\n    \u001b[36m<div\u001b[39m\n      \u001b[33mclass\u001b[39m=\u001b[32m\"min-h-screen bg-gray-50\"\u001b[39m\n      \u001b[33mdata-testid\u001b[39m=\u001b[32m\"playground-container\"\u001b[39m\n    \u001b[36m>\u001b[39m\n      \u001b[36m<header\u001b[39m\n        \u001b[33mclass\u001b[39m=\u001b[32m\"bg-white shadow-sm border-b\"\u001b[39m\n      \u001b[36m>\u001b[39m\n        \u001b[36m<div\u001b[39m\n          \u001b[33mclass\u001b[39m=\u001b[32m\"max-w-7xl mx-auto px-4 sm:px-6 lg:px-8 py-4\"\u001b[39m\n        \u001b[36m>\u001b[39m\n          \u001b[36m<div\u001b[39m\n            \u001b[33mclass\u001b[39m=\u001b[32m\"flex items-center justify-between\"\u001b[39m\n          \u001b[36m>\u001b[39m\n            \u001b[36m<div>\u001b[39m\n              \u001b[36m<h1\u001b[39m\n                \u001b[33mclass\u001b[39m=\u001b[32m\"text-2xl font-bold text-gray-900\"\u001b[39m\n              \u001b[36m>\u001b[39m\n                \u001b[0mDepyler Interactive Playground\u001b[0m\n              \u001b[36m</h1>\u001b[39m\n              \u001b[36m<p\u001b[39m\n                \u001b[33mclass\u001b[39m=\u001b[32m\"text-sm text-gray-600\"\u001b[39m\n              \u001b[36m>\u001b[39m\n                \u001b[0mPython-to-Rust transpiler with energy efficiency analysis\u001b[0m\n              \u001b[36m</p>\u001b[39m\n            \u001b[36m</div>\u001b[39m\n            \u001b[36m<button\u001b[39m\n              \u001b[33maria-busy\u001b[39m=\u001b[32m\"false\"\u001b[39m\n              \u001b[33mclass\u001b[39m=\u001b[32m\"\n        inline-flex items-center px-6 py-3 border border-transparent text-base font-medium rounded-md shadow-sm text-white\n        bg-blue-600 hover:bg-blue-700 focus:outline-none focus:ring-2 focus:ring-offset-2 focus:ring-blue-500\n        transition-colors duration-200\n      \"\u001b[39m\n              \u001b[33mtype\u001b[39m=\u001b[32m\"button\"\u001b[39m\n            \u001b[36m>\u001b[39m\n              \u001b[36m<div\u001b[39m\n                \u001b[33mclass\u001b[39m=\u001b[32m\"flex items-center space-x-2\"\u001b[39m\n              \u001b[36m>\u001b[39m\n                \u001b[36m<svg\u001b[39m\n                  \u001b[33mfill\u001b[39m=\u001b[32m\"currentColor\"\u001b[39m\n                  \u001b[33mheight\u001b[39m=\u001b[32m\"20\"\u001b[39m\n                  \u001b[33mviewBox\u001b[39m=\u001b[32m\"0 0 24 24\"\u001b[39m\n                  \u001b[33mwidth\u001b[39m=\u001b[32m\"20\"\u001b[39m\n                  \u001b[33mxmlns\u001b[39m=\u001b[32m\"http://www.w3.org/2000/svg\"\u001b[39m\n                \u001b[36m>\u001b[39m\n                  \u001b[36m<path\u001b[39m\n                    \u001b[33md\u001b[39m=\u001b[32m\"M8 5v14l11-7z\"\u001b[39m\n                  \u001b[36m/>\u001b[39m\n                \u001b[36m</svg>\u001b[39m\n                \u001b[36m<span>\u001b[39m\n                  \u001b[0mRun Comparison\u001b[0m\n                \u001b[36m</span>\u001b[39m\n              \u001b[36m</div>\u001b[39m\n            \u001b[36m</button>\u001b[39m\n          \u001b[36m</div>\u001b[39m\n        \u001b[36m</div>\u001b[39m\n      \u001b[36m</header>\u001b[39m\n      \u001b[36m<main\u001b[39m\n        \u001b[33mclass\u001b[39m=\u001b[32m\"max-w-7xl mx-auto px-4 sm:px-6 lg:px-8 py-6\"\u001b[39m\n      \u001b[36m>\u001b[39m\n        \u001b[36m<div\u001b[39m\n          \u001b[33mclass\u001b[39m=\u001b[32m\"grid grid-cols-1 lg:grid-cols-2 gap-6 mb-6\"\u001b[39m\n        \u001b[36m>\u001b[39m\n          \u001b[36m<div\u001b[39m\n            \u001b[33mclass\u001b[39m=\u001b[32m\"bg-white rounded-lg shadow-sm border\"\u001b[39m\n            \u001b[33mdata-testid\u001b[39m=\u001b[32m\"editor-panel\"\u001b[39m\n          \u001b[36m>\u001b[39m\n            \u001b[36m<div\u001b[39m\n              \u001b[33mclass\u001b[39m=\u001b[32m\"px-4 py-3 b
[...]
","title":"is disabled when no Python code","duration":3,"failureMessages":[]},{"ancestorTitles":["","ExecutionButton"],"fullName":" ExecutionButton transpiles first if no Rust code exists","status":"passed","title":"transpiles first if no Rust code exists","duration":10,"failureMessages":[]},{"ancestorTitles":["","ExecutionButton"],"fullName":" ExecutionButton calls executeCode after transpilation","status":"passed","title":"calls executeCode after transpilation","duration":17,"failureMessages":[]},{"ancestorTitles":["","ExecutionButton"],"fullName":" ExecutionButton has proper accessibility attributes","status":"passed","title":"has proper accessibility attributes","duration":8,"failureMessages":[]},{"ancestorTitles":["","ExecutionButton"],"fullName":" ExecutionButton prevents multiple simultaneous executions","status":"failed","title":"prevents multiple simultaneous executions","duration":41,"failureMessages":["expected \"spy\" to be called once, but got 0 times"],"location":{"line":113,"column":35}},{"ancestorTitles":["","ExecutionButton States"],"fullName":" ExecutionButton States renders correctly in idle state","status":"passed","title":"renders correctly in idle state","duration":18,"failureMessages":[]},{"ancestorTitles":["","ExecutionButton States"],"fullName":" ExecutionButton States renders correctly when transpiling","status":"passed","title":"renders correctly when transpiling","duration":5,"failureMessages":[]},{"ancestorTitles":["","ExecutionButton States"],"fullName":" ExecutionButton States renders correctly when executing","status":"passed","title":"renders correctly when executing","duration":3,"failureMessages":[]}],"startTime":1749248139999,"endTime":1749248140362,"status":"failed","message":"","name":"/home/noah/src/depyler/playground/src/components/__tests__/ExecutionButton.test.tsx"},{"assertionResults":[{"ancestorTitles":["","IntelliSensei"],"fullName":" IntelliSensei initializes with correct configuration","status":"passed","title":"initializes with correct configuration","duration":3,"failureMessages":[]},{"ancestorTitles":["","IntelliSensei"],"fullName":" IntelliSensei registers Depyler language with Monaco","status":"failed","title":"registers Depyler language with Monaco","duration":6,"failureMessages":["this.monaco.languages.registerCodeActionProvider is not a function"],"location":{"line":83,"column":27}},{"ancestorTitles":["","IntelliSensei"],"fullName":" IntelliSensei sets up completion provider","status":"failed","title":"sets up completion provider","duration":1,"failureMessages":["this.monaco.languages.registerCodeActionProvider is not a function"],"location":{"line":83,"column":27}},{"ancestorTitles":["","IntelliSensei"],"fullName":" IntelliSensei sets up inlay hints provider","status":"failed","title":"sets up inlay hints provider","duration":1,"failureMessages":["this.monaco.languages.registerCodeActionProvider is not a function"],"location":{"line":83,"column":27}},{"ancestorTitles":["","IntelliSensei"],"fullName":" IntelliSensei sets up change listener with debouncing","status":"failed","title":"sets up change listener with debouncing","duration":1,"failureMessages":["this.monaco.languages.registerCodeActionProvider is not a function"],"location":{"line":83,"column":27}},{"ancestorTitles":["","IntelliSensei"],"fullName":" IntelliSensei extracts function context correctly","status":"passed","title":"extracts function context correctly","duration":1,"failureMessages":[]},{"ancestorTitles":["","IntelliSensei"],"fullName":" IntelliSensei computes deterministic cache keys","status":"passed","title":"computes deterministic cache keys","duration":1,"failureMessages":[]},{"ancestorTitles":["","IntelliSensei"],"fullName":" IntelliSensei validates cache correctly","status":"passed","title":"validates cache correctly","duration":1,"failureMessages":[]},{"ancestorTitles":["","IntelliSensei"],"fullName":" IntelliSensei performs analysis and caches results","status":"failed","title":"performs analysis and caches results","duration":5000,"failureMessages":["Analysis timeout"],"location":{"line":272,"column":16}},{"ancestorTitles":["","IntelliSensei"],"fullName":" IntelliSensei prevents duplicate analysis requests","status":"failed","title":"prevents duplicate analysis requests","duration":5002,"failureMessages":["Analysis timeout"],"location":{"line":272,"column":16}},{"ancestorTitles":["","IntelliSensei"],"fullName":" IntelliSensei generates hash codes consistently","status":"passed","title":"generates hash codes consistently","duration":1,"failureMessages":[]},{"ancestorTitles":["","IntelliSensei Performance"],"fullName":" IntelliSensei Performance caches analysis results to avoid recomputation","status":"failed","title":"caches analysis results to avoid recomputation","duration":5003,"failureMessages":["Analysis timeout"],"location":{"line":272,"column":16}},{"ancestorTitles":["","IntelliSensei Performance"],"fullName":" IntelliSensei Performance debounces rapid analysis requests","status":"failed","title":"debounces rapid analysis requests","duration":0,"failureMessages":["this.monaco.languages.registerCodeActionProvider is not a function"],"location":{"line":83,"column":27}},{"ancestorTitles":["","IntelliSensei Performance"],"fullName":" IntelliSensei Performance handles large function bodies efficiently","status":"passed","title":"handles large function bodies efficiently","duration":2,"failureMessages":[]}],"startTime":1749248139985,"endTime":1749248155008,"status":"failed","message":"","name":"/home/noah/src/depyler/playground/src/editor/__tests__/intelli-sensei.test.ts"},{"assertionResults":[{"ancestorTitles":["","QualityTelemetry","Initialization"],"fullName":" QualityTelemetry Initialization generates a unique session ID","status":"passed","title":"generates a unique session ID","duration":3,"failureMessages":[]},{"ancestorTitles":["","QualityTelemetry","Initialization"],"fullName":" QualityTelemetry Initialization sets up visibility change listener","status":"passed","title":"sets up visibility change listener","duration":1,"failureMessages":[]},{"ancestorTitles":["","QualityTelemetry","Initialization"],"fullName":" QualityTelemetry Initialization schedules periodic flush","status":"passed","title":"schedules periodic flush","duration":1,"failureMessages":[]},{"ancestorTitles":["","QualityTelemetry","Code Analysis"],"fullName":" QualityTelemetry Code Analysis analyzes basic code metrics correctly","status":"passed","title":"analyzes basic code metrics correctly","duration":0,"failureMessages":[]},{"ancestorTitles":["","QualityTelemetry","Code Analysis"],"fullName":" QualityTelemetry Code Analysis detects async functions","status":"passed","title":"detects async functions","duration":1,"failureMessages":[]},{"ancestorTitles":["","QualityTelemetry","Code Analysis"],"fullName":" QualityTelemetry Code Analysis detects Depyler annotations","status":"passed","title":"detects Depyler annotations","duration":0,"failureMessages":[]},{"ancestorTitles":["","QualityTelemetry","Code Analysis"],"fullName":" QualityTelemetry Code Analysis calculates nesting depth correctly","status":"passed","title":"calculates nesting depth correctly","duration":0,"failureMessages":[]},{"ancestorTitles":["","QualityTelemetry","Environment Capture"],"fullName":" QualityTelemetry Environment Capture captures browser environment correctly","status":"passed","title":"captures browser environment correctly","duration":9,"failureMessages":[]},{"ancestorTitles":["","QualityTelemetry","Environment Capture"],"fullName":" QualityTelemetry Environment Capture handles missing connection API gracefully","status":"passed","title":"handles missing connection API gracefully","duration":0,"failureMessages":[]},{"ancestorTitles":["","QualityTelemetry","Quality Event Recording"],"fullName":" QualityTelemetry Quality Event Recording records quality events with complete payload","status":"passed","title":"records quality events with complete payload","duration":1,"failureMessages":[]},{"ancestorTitles":["","QualityTelemetry","Quality Event Recording"],"fullName":" QualityTelemetry Quality Event Recording immediately flushes critical events","status":"passed","title":"immediately flushes critical events","duration":1,"failureMessages":[]},{"ancestorTitles":["","QualityTelemetry","Batching and Flushing"],"fullName":" QualityTelemetry Batching and Flushing batches multiple events before flushing","status":"passed","title":"batches multiple events before flushing","duration":1,"failureMessages":[]},{"ancestorTitles":["","QualityTelemetry","Batching and Flushing"],"fullName":" QualityTelemetry Batching and Flushing uses sendBeacon when available","status":"passed","title":"uses sendBeacon when available","duration":0,"failureMessages":[]},{"ancestorTitles":["","QualityTelemetry","Batching and Flushing"],"fullName":" QualityTelemetry Batching and Flushing falls back to fetch when sendBeacon unavailable","status":"passed","title":"falls back to fetch when sendBeacon unavailable","duration":1,"failureMessages":[]},{"ancestorTitles":["","QualityTelemetry","Batching and Flushing"],"fullName":" QualityTelemetry Batching and Flushing clears buffer after successful flush","status":"passed","title":"clears buffer after successful flush","duration":0,"failureMessages":[]},{"ancestorTitles":["","QualityTelemetry","Batching and Flushing"],"fullName":" QualityTelemetry Batching and Flushing handles flush errors gracefully","status":"passed","title":"handles flush errors gracefully","duration":6,"failureMessages":[]},{"ancestorTitles":["","QualityTelemetry","Periodic Flushing"],"fullName":" QualityTelemetry Periodic Flushing schedules periodic flush","status":"passed","title":"schedules periodic flush","duration":0,"failureMessages":[]},{"ancestorTitles":["","QualityTelemetry","Periodic Flushing"],"fullName":" QualityTelemetry Periodic Flushing flushes on visibility change to hidden","status":"passed","title":"flushes on visibility change to hidden","duration":0,"failureMessages":[]},{"ancestorTitles":["","QualityTelemetry","Performance"],"fullName":" QualityTelemetry Performance handles large code analysis efficiently","status":"passed","title":"handles large code analysis efficiently","duration":1,"failureMessages":[]},{"ancestorTitles":["","QualityTelemetry","Performance"],"fullName":" QualityTelemetry Performance batches telemetry efficiently","status":"passed","title":"batches telemetry efficiently","duration":59,"failureMessages":[]},{"ancestorTitles":["","QualityTelemetry","Session Management"],"fullName":" QualityTelemetry Session Management generates valid session ID","status":"passed","title":"generates valid session ID","duration":1,"failureMessages":[]},{"ancestorTitles":["","QualityTelemetry","Session Management"],"fullName":" QualityTelemetry Session Management maintains consistent session ID throughout lifecycle","status":"passed","title":"maintains consistent session ID throughout lifecycle","duration":0,"failureMessages":[]}],"startTime":1749248139984,"endTime":1749248140070,"status":"passed","message":"","name":"/home/noah/src/depyler/playground/src/lib/__tests__/quality-telemetry.test.ts"},{"assertionResults":[{"ancestorTitles":["","usePlaygroundStore Basic Tests"],"fullName":" usePlaygroundStore Basic Tests store hook returns valid functions","status":"passed","title":"store hook returns valid functions","duration":10,"failureMessages":[]},{"ancestorTitles":["","usePlaygroundStore Basic Tests"],"fullName":" usePlaygroundStore Basic Tests can update Python code","status":"passed","title":"can update Python code","duration":2,"failureMessages":[]},{"ancestorTitles":["","usePlaygroundStore Basic Tests"],"fullName":" usePlaygroundStore Basic Tests can update Rust code","status":"passed","title":"can update Rust code","duration":1,"failureMessages":[]},{"ancestorTitles":["","usePlaygroundStore Basic Tests"],"fullName":" usePlaygroundStore Basic Tests has initial arrays for errors and warnings","status":"passed","title":"has initial arrays for errors and warnings","duration":1,"failureMessages":[]},{"ancestorTitles":["","usePlaygroundStore Basic Tests"],"fullName":" usePlaygroundStore Basic Tests can clear errors","status":"passed","title":"can clear errors","duration":1,"failureMessages":[]}],"startTime":1749248139982,"endTime":1749248139997,"status":"passed","message":"","name":"/home/noah/src/depyler/playground/src/store/__tests__/index.test.ts"},{"assertionResults":[{"ancestorTitles":["","ExecutionSandbox","Network Security"],"fullName":" ExecutionSandbox Network Security freezes network APIs on initialization","status":"passed","title":"freezes network APIs on initialization","duration":1,"failureMessages":[]},{"ancestorTitles":["","ExecutionSandbox","Python Execution"],"fullName":" ExecutionSandbox Python Execution executes valid Python code successfully","status":"passed","title":"executes valid Python code successfully","duration":1,"failureMessages":[]},{"ancestorTitles":["","ExecutionSandbox","Python Execution"],"fullName":" ExecutionSandbox Python Execution handles Python execution errors","status":"passed","title":"handles Python execution errors","duration":0,"failureMessages":[]},{"ancestorTitles":["","ExecutionSandbox","Python Execution"],"fullName":" ExecutionSandbox Python Execution measures execution time accurately","status":"passed","title":"measures execution time accurately","duration":0,"failureMessages":[]},{"ancestorTitles":["","ExecutionSandbox","Rust Compilation and Execution"],"fullName":" ExecutionSandbox Rust Compilation and Execution compiles and executes valid Rust code","status":"passed","title":"compiles and executes valid Rust code","duration":1,"failureMessages":[]},{"ancestorTitles":["","ExecutionSandbox","Rust Compilation and Execution"],"fullName":" ExecutionSandbox Rust Compilation and Execution handles Rust compilation errors with diagnostics","status":"passed","title":"handles Rust compilation errors with diagnostics","duration":0,"failureMessages":[]},{"ancestorTitles":["","ExecutionSandbox","Rust Compilation and Execution"],"fullName":" ExecutionSandbox Rust Compilation and Execution parses rustc diagnostics correctly","status":"passed","title":"parses rustc diagnostics correctly","duration":1,"failureMessages":[]},{"ancestorTitles":["","ExecutionSandbox","Energy Estimation"],"fullName":" ExecutionSandbox Energy Estimation calculates energy for Python execution","status":"passed","title":"calculates energy for Python execution","duration":1,"failureMessages":[]},{"ancestorTitles":["","ExecutionSandbox","Energy Estimation"],"fullName":" ExecutionSandbox Energy Estimation calculates energy for Rust execution","status":"passed","title":"calculates energy for Rust execution","duration":0,"failureMessages":[]},{"ancestorTitles":["","ExecutionSandbox","Energy Estimation"],"fullName":" ExecutionSandbox Energy Estimation shows Rust is more energy efficient than Python","status":"passed","title":"shows Rust is more energy efficient than Python","duration":0,"failureMessages":[]},{"ancestorTitles":["","ExecutionSandbox","Energy Estimation"],"fullName":" ExecutionSandbox Energy Estimation calculates confidence based on execution time and memory","status":"passed","title":"calculates confidence based on execution time and memory","duration":0,"failureMessages":[]},{"ancestorTitles":["","ExecutionSandbox","Memory Measurement"],"fullName":" ExecutionSandbox Memory Measurement measures memory usage consistently","status":"passed","title":"measures memory usage consistently","duration":1,"failureMessages":[]},{"ancestorTitles":["","ExecutionSandbox","Performance"],"fullName":" ExecutionSandbox Performance executes simple Python code within time budget","status":"passed","title":"executes simple Python code within time budget","duration":0,"failureMessages":[]},{"ancestorTitles":["","ExecutionSandbox","Performance"],"fullName":" ExecutionSandbox Performance compiles simple Rust code within time budget","status":"passed","title":"compiles simple Rust code within time budget","duration":0,"failureMessages":[]}],"startTime":1749248139916,"endTime":1749248139922,"status":"passed","message":"","name":"/home/noah/src/depyler/playground/src/workers/__tests__/execution-sandbox.worker.test.ts"},{"assertionResults":[{"ancestorTitles":["","EnergyGauge"],"fullName":" EnergyGauge renders without crashing","status":"failed","title":"renders without crashing","duration":23,"failureMessages":["Cannot read properties of undefined (reading 'python')"],"location":{"line":183,"column":42}},{"ancestorTitles":["","EnergyGauge"],"fullName":" EnergyGauge displays the SVG element","status":"failed","title":"displays the SVG element","duration":4,"failureMessages":["Cannot read properties of undefined (reading 'python')"],"location":{"line":183,"column":42}},{"ancestorTitles":["","EnergyGauge"],"fullName":" EnergyGauge calls D3 functions for visualization","status":"failed","title":"calls D3 functions for visualization","duration":4,"failureMessages":["Cannot read properties of undefined (reading 'python')"],"location":{"line":183,"column":42}},{"ancestorTitles":["","EnergyGauge"],"fullName":" EnergyGauge updates when savings prop changes","status":"failed","title":"updates when savings prop changes","duration":3,"failureMessages":["Cannot read properties of undefined (reading 'python')"],"location":{"line":183,"column":42}},{"ancestorTitles":["","EnergyGauge"],"fullName":" EnergyGauge handles zero savings correctly","status":"failed","title":"handles zero savings correctly","duration":4,"failureMessages":["Cannot read properties of undefined (reading 'python')"],"location":{"line":183,"column":42}},{"ancestorTitles":["","EnergyGauge"],"fullName":" EnergyGauge handles maximum savings correctly","status":"failed","title":"handles maximum savings correctly","duration":4,"failureMessages":["Cannot read properties of undefined (reading 'python')"],"location":{"line":183,"column":42}},{"ancestorTitles":["","EnergyGauge"],"fullName":" EnergyGauge displays breakdown details","status":"failed","title":"displays breakdown details","duration":4,"failureMessages":["Cannot read properties of undefined (reading 'python')"],"location":{"line":183,"column":42}},{"ancestorTitles":["","EnergyGauge"],"fullName":" EnergyGauge has proper accessibility attributes","status":"failed","title":"has proper accessibility attributes","duration":3,"failureMessages":["Cannot read properties of undefined (reading 'python')"],"location":{"line":183,"column":42}},{"ancestorTitles":["","EnergyGauge"],"fullName":" EnergyGauge sets up ResizeObserver for responsive behavior","status":"failed","title":"sets up ResizeObserver for responsive behavior","duration":4,"failureMessages":["Cannot read properties of undefined (reading 'python')"],"location":{"line":183,"column":42}},{"ancestorTitles":["","EnergyGauge Performance"],"fullName":" EnergyGauge Performance renders within performance budget","status":"failed","title":"renders within performance budget","duration":13,"failureMessages":["Cannot read properties of undefined (reading 'python')"],"location":{"line":183,"column":42}},{"ancestorTitles":["","EnergyGauge Performance"],"fullName":" EnergyGauge Performance handles rapid prop changes efficiently","status":"failed","title":"handles rapid prop changes efficiently","duration":3,"failureMessages":["Cannot read properties of undefined (reading 'python')"],"location":{"line":183,"column":42}},{"ancestorTitles":["","EnergyGauge Performance"],"fullName":" EnergyGauge Performance memoizes scales correctly","status":"failed","title":"memoizes scales correctly","duration":3,"failureMessages":["Cannot read properties of undefined (reading 'python')"],"location":{"line":183,"column":42}}],"startTime":1749248139984,"endTime":1749248140056,"status":"failed","message":"","name":"/home/noah/src/depyler/playground/src/components/visualizations/__tests__/EnergyGauge.test.tsx"}]}